<?xml version="1.0" encoding="UTF-8"?>
<!-- Generated by org.testng.reporters.JUnitXMLReporter -->
<testsuite hostname="DESKTOP-8CHPDAS" ignored="3" name="Default test(failed)" tests="1" failures="1" timestamp="2022-08-18T20:16:29 IST" time="0.057" errors="0">
  <testcase name="method3" time="0.011" classname="testngpack.FirstTestngClass">
    <failure type="java.lang.ArithmeticException" message="/ by zero">
      <![CDATA[java.lang.ArithmeticException: / by zero
at testngpack.FirstTestngClass.method3(FirstTestngClass.java:24)
at java.util.ArrayList.forEach(Unknown Source)
... Removed 27 stack frames]]>
    </failure>
  </testcase> <!-- method3 -->
  <testcase name="method4" time="0.0" classname="testngpack.FirstTestngClass">
    <ignored/>
  </testcase> <!-- method4 -->
  <testcase name="method5" time="0.0" classname="testngpack.FirstTestngClass">
    <ignored/>
  </testcase> <!-- method5 -->
  <testcase name="method1" time="0.0" classname="testngpack.FirstTestngClass">
    <ignored/>
  </testcase> <!-- method1 -->
</testsuite> <!-- Default test(failed) -->
