<?xml version="1.0" encoding="UTF-8"?>
<!-- Generated by org.testng.reporters.JUnitReportReporter -->
<testsuite skipped="0" hostname="DESKTOP-8CHPDAS" name="testngpack.flag7" tests="5000" failures="0" timestamp="2022-08-21T01:21:18 IST" time="1.964" errors="0">
  <testcase name="f" time="0.002" classname="testngpack.flag7"/>
  <system-out/>
  <testcase name="f" time="0.001" classname="testngpack.flag7"/>
  <system-out/>
  <testcase name="f" time="0.000" classname="testngpack.flag7"/>
  <system-out/>
  <testcase name="f" time="0.000" classname="testngpack.flag7"/>
  <system-out/>
  <testcase name="f" time="0.000" classname="testngpack.flag7"/>
  <system-out/>
  <testcase name="f" time="0.000" classname="testngpack.flag7"/>
  <system-out/>
  <testcase name="f" time="0.000" classname="testngpack.flag7"/>
  <system-out/>
  <testcase name="f" time="0.000" classname="testngpack.flag7"/>
  <system-out/>
  <testcase name="f" time="0.000" classname="testngpack.flag7"/>
  <system-out/>
  <testcase name="f" time="0.000" classname="testngpack.flag7"/>
  <system-out/>
  <testcase name="f" time="0.000" classname="testngpack.flag7"/>
  <system-out/>
  <testcase name="f" time="0.000" classname="testngpack.flag7"/>
  <system-out/>
  <testcase name="f" time="0.000" classname="testngpack.flag7"/>
  <system-out/>
  <testcase name="f" time="0.000" classname="testngpack.flag7"/>
  <system-out/>
  <testcase name="f" time="0.000" classname="testngpack.flag7"/>
  <system-out/>
  <testcase name="f" time="0.000" classname="testngpack.flag7"/>
  <system-out/>
  <testcase name="f" time="0.000" classname="testngpack.flag7"/>
  <system-out/>
  <testcase name="f" time="0.000" classname="testngpack.flag7"/>
  <system-out/>
  <testcase name="f" time="0.001" classname="testngpack.flag7"/>
  <system-out/>
  <testcase name="f" time="0.000" classname="testngpack.flag7"/>
  <system-out/>
  <testcase name="f" time="0.000" classname="testngpack.flag7"/>
  <system-out/>
  <testcase name="f" time="0.000" classname="testngpack.flag7"/>
  <system-out/>
  <testcase name="f" time="0.000" classname="testngpack.flag7"/>
  <system-out/>
  <testcase name="f" time="0.000" classname="testngpack.flag7"/>
  <system-out/>
  <testcase name="f" time="0.000" classname="testngpack.flag7"/>
  <system-out/>
  <testcase name="f" time="0.000" classname="testngpack.flag7"/>
  <system-out/>
  <testcase name="f" time="0.005" classname="testngpack.flag7"/>
  <system-out/>
  <testcase name="f" time="0.000" classname="testngpack.flag7"/>
  <system-out/>
  <testcase name="f" time="0.000" classname="testngpack.flag7"/>
  <system-out/>
  <testcase name="f" time="0.000" classname="testngpack.flag7"/>
  <system-out/>
  <testcase name="f" time="0.000" classname="testngpack.flag7"/>
  <system-out/>
  <testcase name="f" time="0.000" classname="testngpack.flag7"/>
  <system-out/>
  <testcase name="f" time="0.000" classname="testngpack.flag7"/>
  <system-out/>
  <testcase name="f" time="0.000" classname="testngpack.flag7"/>
  <system-out/>
  <testcase name="f" time="0.000" classname="testngpack.flag7"/>
  <system-out/>
  <testcase name="f" time="0.001" classname="testngpack.flag7"/>
  <system-out/>
  <testcase name="f" time="0.000" classname="testngpack.flag7"/>
  <system-out/>
  <testcase name="f" time="0.000" classname="testngpack.flag7"/>
  <system-out/>
  <testcase name="f" time="0.001" classname="testngpack.flag7"/>
  <system-out/>
  <testcase name="f" time="0.000" classname="testngpack.flag7"/>
  <system-out/>
  <testcase name="f" time="0.000" classname="testngpack.flag7"/>
  <system-out/>
  <testcase name="f" time="0.000" classname="testngpack.flag7"/>
  <system-out/>
  <testcase name="f" time="0.000" classname="testngpack.flag7"/>
  <system-out/>
  <testcase name="f" time="0.000" classname="testngpack.flag7"/>
  <system-out/>
  <testcase name="f" time="0.001" classname="testngpack.flag7"/>
  <system-out/>
  <testcase name="f" time="0.000" classname="testngpack.flag7"/>
  <system-out/>
  <testcase name="f" time="0.000" classname="testngpack.flag7"/>
  <system-out/>
  <testcase name="f" time="0.000" classname="testngpack.flag7"/>
  <system-out/>
  <testcase name="f" time="0.008" classname="testngpack.flag7"/>
  <system-out/>
  <testcase name="f" time="0.000" classname="testngpack.flag7"/>
  <system-out/>
  <testcase name="f" time="0.000" classname="testngpack.flag7"/>
  <system-out/>
  <testcase name="f" time="0.000" classname="testngpack.flag7"/>
  <system-out/>
  <testcase name="f" time="0.000" classname="testngpack.flag7"/>
  <system-out/>
  <testcase name="f" time="0.000" classname="testngpack.flag7"/>
  <system-out/>
  <testcase name="f" time="0.002" classname="testngpack.flag7"/>
  <system-out/>
  <testcase name="f" time="0.001" classname="testngpack.flag7"/>
  <system-out/>
  <testcase name="f" time="0.008" classname="testngpack.flag7"/>
  <system-out/>
  <testcase name="f" time="0.000" classname="testngpack.flag7"/>
  <system-out/>
  <testcase name="f" time="0.000" classname="testngpack.flag7"/>
  <system-out/>
  <testcase name="f" time="0.000" classname="testngpack.flag7"/>
  <system-out/>
  <testcase name="f" time="0.000" classname="testngpack.flag7"/>
  <system-out/>
  <testcase name="f" time="0.002" classname="testngpack.flag7"/>
  <system-out/>
  <testcase name="f" time="0.000" classname="testngpack.flag7"/>
  <system-out/>
  <testcase name="f" time="0.000" classname="testngpack.flag7"/>
  <system-out/>
  <testcase name="f" time="0.000" classname="testngpack.flag7"/>
  <system-out/>
  <testcase name="f" time="0.001" classname="testngpack.flag7"/>
  <system-out/>
  <testcase name="f" time="0.000" classname="testngpack.flag7"/>
  <system-out/>
  <testcase name="f" time="0.001" classname="testngpack.flag7"/>
  <system-out/>
  <testcase name="f" time="0.000" classname="testngpack.flag7"/>
  <system-out/>
  <testcase name="f" time="0.000" classname="testngpack.flag7"/>
  <system-out/>
  <testcase name="f" time="0.006" classname="testngpack.flag7"/>
  <system-out/>
  <testcase name="f" time="0.000" classname="testngpack.flag7"/>
  <system-out/>
  <testcase name="f" time="0.000" classname="testngpack.flag7"/>
  <system-out/>
  <testcase name="f" time="0.000" classname="testngpack.flag7"/>
  <system-out/>
  <testcase name="f" time="0.000" classname="testngpack.flag7"/>
  <system-out/>
  <testcase name="f" time="0.000" classname="testngpack.flag7"/>
  <system-out/>
  <testcase name="f" time="0.000" classname="testngpack.flag7"/>
  <system-out/>
  <testcase name="f" time="0.000" classname="testngpack.flag7"/>
  <system-out/>
  <testcase name="f" time="0.000" classname="testngpack.flag7"/>
  <system-out/>
  <testcase name="f" time="0.000" classname="testngpack.flag7"/>
  <system-out/>
  <testcase name="f" time="0.000" classname="testngpack.flag7"/>
  <system-out/>
  <testcase name="f" time="0.001" classname="testngpack.flag7"/>
  <system-out/>
  <testcase name="f" time="0.000" classname="testngpack.flag7"/>
  <system-out/>
  <testcase name="f" time="0.000" classname="testngpack.flag7"/>
  <system-out/>
  <testcase name="f" time="0.001" classname="testngpack.flag7"/>
  <system-out/>
  <testcase name="f" time="0.000" classname="testngpack.flag7"/>
  <system-out/>
  <testcase name="f" time="0.000" classname="testngpack.flag7"/>
  <system-out/>
  <testcase name="f" time="0.000" classname="testngpack.flag7"/>
  <system-out/>
  <testcase name="f" time="0.000" classname="testngpack.flag7"/>
  <system-out/>
  <testcase name="f" time="0.000" classname="testngpack.flag7"/>
  <system-out/>
  <testcase name="f" time="0.000" classname="testngpack.flag7"/>
  <system-out/>
  <testcase name="f" time="0.000" classname="testngpack.flag7"/>
  <system-out/>
  <testcase name="f" time="0.000" classname="testngpack.flag7"/>
  <system-out/>
  <testcase name="f" time="0.045" classname="testngpack.flag7"/>
  <system-out/>
  <testcase name="f" time="0.000" classname="testngpack.flag7"/>
  <system-out/>
  <testcase name="f" time="0.001" classname="testngpack.flag7"/>
  <system-out/>
  <testcase name="f" time="0.000" classname="testngpack.flag7"/>
  <system-out/>
  <testcase name="f" time="0.000" classname="testngpack.flag7"/>
  <system-out/>
  <testcase name="f" time="0.000" classname="testngpack.flag7"/>
  <system-out/>
  <testcase name="f" time="0.000" classname="testngpack.flag7"/>
  <system-out/>
  <testcase name="f" time="0.000" classname="testngpack.flag7"/>
  <system-out/>
  <testcase name="f" time="0.000" classname="testngpack.flag7"/>
  <system-out/>
  <testcase name="f" time="0.000" classname="testngpack.flag7"/>
  <system-out/>
  <testcase name="f" time="0.000" classname="testngpack.flag7"/>
  <system-out/>
  <testcase name="f" time="0.000" classname="testngpack.flag7"/>
  <system-out/>
  <testcase name="f" time="0.000" classname="testngpack.flag7"/>
  <system-out/>
  <testcase name="f" time="0.000" classname="testngpack.flag7"/>
  <system-out/>
  <testcase name="f" time="0.000" classname="testngpack.flag7"/>
  <system-out/>
  <testcase name="f" time="0.000" classname="testngpack.flag7"/>
  <system-out/>
  <testcase name="f" time="0.000" classname="testngpack.flag7"/>
  <system-out/>
  <testcase name="f" time="0.000" classname="testngpack.flag7"/>
  <system-out/>
  <testcase name="f" time="0.000" classname="testngpack.flag7"/>
  <system-out/>
  <testcase name="f" time="0.000" classname="testngpack.flag7"/>
  <system-out/>
  <testcase name="f" time="0.001" classname="testngpack.flag7"/>
  <system-out/>
  <testcase name="f" time="0.001" classname="testngpack.flag7"/>
  <system-out/>
  <testcase name="f" time="0.000" classname="testngpack.flag7"/>
  <system-out/>
  <testcase name="f" time="0.001" classname="testngpack.flag7"/>
  <system-out/>
  <testcase name="f" time="0.001" classname="testngpack.flag7"/>
  <system-out/>
  <testcase name="f" time="0.000" classname="testngpack.flag7"/>
  <system-out/>
  <testcase name="f" time="0.001" classname="testngpack.flag7"/>
  <system-out/>
  <testcase name="f" time="0.000" classname="testngpack.flag7"/>
  <system-out/>
  <testcase name="f" time="0.001" classname="testngpack.flag7"/>
  <system-out/>
  <testcase name="f" time="0.001" classname="testngpack.flag7"/>
  <system-out/>
  <testcase name="f" time="0.000" classname="testngpack.flag7"/>
  <system-out/>
  <testcase name="f" time="0.000" classname="testngpack.flag7"/>
  <system-out/>
  <testcase name="f" time="0.000" classname="testngpack.flag7"/>
  <system-out/>
  <testcase name="f" time="0.000" classname="testngpack.flag7"/>
  <system-out/>
  <testcase name="f" time="0.000" classname="testngpack.flag7"/>
  <system-out/>
  <testcase name="f" time="0.000" classname="testngpack.flag7"/>
  <system-out/>
  <testcase name="f" time="0.000" classname="testngpack.flag7"/>
  <system-out/>
  <testcase name="f" time="0.002" classname="testngpack.flag7"/>
  <system-out/>
  <testcase name="f" time="0.002" classname="testngpack.flag7"/>
  <system-out/>
  <testcase name="f" time="0.000" classname="testngpack.flag7"/>
  <system-out/>
  <testcase name="f" time="0.000" classname="testngpack.flag7"/>
  <system-out/>
  <testcase name="f" time="0.000" classname="testngpack.flag7"/>
  <system-out/>
  <testcase name="f" time="0.000" classname="testngpack.flag7"/>
  <system-out/>
  <testcase name="f" time="0.000" classname="testngpack.flag7"/>
  <system-out/>
  <testcase name="f" time="0.000" classname="testngpack.flag7"/>
  <system-out/>
  <testcase name="f" time="0.000" classname="testngpack.flag7"/>
  <system-out/>
  <testcase name="f" time="0.001" classname="testngpack.flag7"/>
  <system-out/>
  <testcase name="f" time="0.001" classname="testngpack.flag7"/>
  <system-out/>
  <testcase name="f" time="0.000" classname="testngpack.flag7"/>
  <system-out/>
  <testcase name="f" time="0.000" classname="testngpack.flag7"/>
  <system-out/>
  <testcase name="f" time="0.000" classname="testngpack.flag7"/>
  <system-out/>
  <testcase name="f" time="0.000" classname="testngpack.flag7"/>
  <system-out/>
  <testcase name="f" time="0.000" classname="testngpack.flag7"/>
  <system-out/>
  <testcase name="f" time="0.000" classname="testngpack.flag7"/>
  <system-out/>
  <testcase name="f" time="0.008" classname="testngpack.flag7"/>
  <system-out/>
  <testcase name="f" time="0.000" classname="testngpack.flag7"/>
  <system-out/>
  <testcase name="f" time="0.000" classname="testngpack.flag7"/>
  <system-out/>
  <testcase name="f" time="0.000" classname="testngpack.flag7"/>
  <system-out/>
  <testcase name="f" time="0.000" classname="testngpack.flag7"/>
  <system-out/>
  <testcase name="f" time="0.000" classname="testngpack.flag7"/>
  <system-out/>
  <testcase name="f" time="0.000" classname="testngpack.flag7"/>
  <system-out/>
  <testcase name="f" time="0.000" classname="testngpack.flag7"/>
  <system-out/>
  <testcase name="f" time="0.000" classname="testngpack.flag7"/>
  <system-out/>
  <testcase name="f" time="0.000" classname="testngpack.flag7"/>
  <system-out/>
  <testcase name="f" time="0.000" classname="testngpack.flag7"/>
  <system-out/>
  <testcase name="f" time="0.000" classname="testngpack.flag7"/>
  <system-out/>
  <testcase name="f" time="0.000" classname="testngpack.flag7"/>
  <system-out/>
  <testcase name="f" time="0.000" classname="testngpack.flag7"/>
  <system-out/>
  <testcase name="f" time="0.000" classname="testngpack.flag7"/>
  <system-out/>
  <testcase name="f" time="0.000" classname="testngpack.flag7"/>
  <system-out/>
  <testcase name="f" time="0.000" classname="testngpack.flag7"/>
  <system-out/>
  <testcase name="f" time="0.000" classname="testngpack.flag7"/>
  <system-out/>
  <testcase name="f" time="0.001" classname="testngpack.flag7"/>
  <system-out/>
  <testcase name="f" time="0.000" classname="testngpack.flag7"/>
  <system-out/>
  <testcase name="f" time="0.000" classname="testngpack.flag7"/>
  <system-out/>
  <testcase name="f" time="0.000" classname="testngpack.flag7"/>
  <system-out/>
  <testcase name="f" time="0.001" classname="testngpack.flag7"/>
  <system-out/>
  <testcase name="f" time="0.000" classname="testngpack.flag7"/>
  <system-out/>
  <testcase name="f" time="0.002" classname="testngpack.flag7"/>
  <system-out/>
  <testcase name="f" time="0.000" classname="testngpack.flag7"/>
  <system-out/>
  <testcase name="f" time="0.000" classname="testngpack.flag7"/>
  <system-out/>
  <testcase name="f" time="0.000" classname="testngpack.flag7"/>
  <system-out/>
  <testcase name="f" time="0.000" classname="testngpack.flag7"/>
  <system-out/>
  <testcase name="f" time="0.000" classname="testngpack.flag7"/>
  <system-out/>
  <testcase name="f" time="0.000" classname="testngpack.flag7"/>
  <system-out/>
  <testcase name="f" time="0.000" classname="testngpack.flag7"/>
  <system-out/>
  <testcase name="f" time="0.000" classname="testngpack.flag7"/>
  <system-out/>
  <testcase name="f" time="0.000" classname="testngpack.flag7"/>
  <system-out/>
  <testcase name="f" time="0.000" classname="testngpack.flag7"/>
  <system-out/>
  <testcase name="f" time="0.000" classname="testngpack.flag7"/>
  <system-out/>
  <testcase name="f" time="0.000" classname="testngpack.flag7"/>
  <system-out/>
  <testcase name="f" time="0.000" classname="testngpack.flag7"/>
  <system-out/>
  <testcase name="f" time="0.000" classname="testngpack.flag7"/>
  <system-out/>
  <testcase name="f" time="0.000" classname="testngpack.flag7"/>
  <system-out/>
  <testcase name="f" time="0.000" classname="testngpack.flag7"/>
  <system-out/>
  <testcase name="f" time="0.000" classname="testngpack.flag7"/>
  <system-out/>
  <testcase name="f" time="0.000" classname="testngpack.flag7"/>
  <system-out/>
  <testcase name="f" time="0.000" classname="testngpack.flag7"/>
  <system-out/>
  <testcase name="f" time="0.008" classname="testngpack.flag7"/>
  <system-out/>
  <testcase name="f" time="0.000" classname="testngpack.flag7"/>
  <system-out/>
  <testcase name="f" time="0.000" classname="testngpack.flag7"/>
  <system-out/>
  <testcase name="f" time="0.000" classname="testngpack.flag7"/>
  <system-out/>
  <testcase name="f" time="0.001" classname="testngpack.flag7"/>
  <system-out/>
  <testcase name="f" time="0.000" classname="testngpack.flag7"/>
  <system-out/>
  <testcase name="f" time="0.001" classname="testngpack.flag7"/>
  <system-out/>
  <testcase name="f" time="0.001" classname="testngpack.flag7"/>
  <system-out/>
  <testcase name="f" time="0.000" classname="testngpack.flag7"/>
  <system-out/>
  <testcase name="f" time="0.000" classname="testngpack.flag7"/>
  <system-out/>
  <testcase name="f" time="0.000" classname="testngpack.flag7"/>
  <system-out/>
  <testcase name="f" time="0.000" classname="testngpack.flag7"/>
  <system-out/>
  <testcase name="f" time="0.000" classname="testngpack.flag7"/>
  <system-out/>
  <testcase name="f" time="0.000" classname="testngpack.flag7"/>
  <system-out/>
  <testcase name="f" time="0.000" classname="testngpack.flag7"/>
  <system-out/>
  <testcase name="f" time="0.000" classname="testngpack.flag7"/>
  <system-out/>
  <testcase name="f" time="0.000" classname="testngpack.flag7"/>
  <system-out/>
  <testcase name="f" time="0.000" classname="testngpack.flag7"/>
  <system-out/>
  <testcase name="f" time="0.000" classname="testngpack.flag7"/>
  <system-out/>
  <testcase name="f" time="0.000" classname="testngpack.flag7"/>
  <system-out/>
  <testcase name="f" time="0.000" classname="testngpack.flag7"/>
  <system-out/>
  <testcase name="f" time="0.000" classname="testngpack.flag7"/>
  <system-out/>
  <testcase name="f" time="0.000" classname="testngpack.flag7"/>
  <system-out/>
  <testcase name="f" time="0.000" classname="testngpack.flag7"/>
  <system-out/>
  <testcase name="f" time="0.000" classname="testngpack.flag7"/>
  <system-out/>
  <testcase name="f" time="0.000" classname="testngpack.flag7"/>
  <system-out/>
  <testcase name="f" time="0.000" classname="testngpack.flag7"/>
  <system-out/>
  <testcase name="f" time="0.000" classname="testngpack.flag7"/>
  <system-out/>
  <testcase name="f" time="0.002" classname="testngpack.flag7"/>
  <system-out/>
  <testcase name="f" time="0.000" classname="testngpack.flag7"/>
  <system-out/>
  <testcase name="f" time="0.000" classname="testngpack.flag7"/>
  <system-out/>
  <testcase name="f" time="0.000" classname="testngpack.flag7"/>
  <system-out/>
  <testcase name="f" time="0.000" classname="testngpack.flag7"/>
  <system-out/>
  <testcase name="f" time="0.000" classname="testngpack.flag7"/>
  <system-out/>
  <testcase name="f" time="0.000" classname="testngpack.flag7"/>
  <system-out/>
  <testcase name="f" time="0.000" classname="testngpack.flag7"/>
  <system-out/>
  <testcase name="f" time="0.000" classname="testngpack.flag7"/>
  <system-out/>
  <testcase name="f" time="0.000" classname="testngpack.flag7"/>
  <system-out/>
  <testcase name="f" time="0.000" classname="testngpack.flag7"/>
  <system-out/>
  <testcase name="f" time="0.000" classname="testngpack.flag7"/>
  <system-out/>
  <testcase name="f" time="0.000" classname="testngpack.flag7"/>
  <system-out/>
  <testcase name="f" time="0.000" classname="testngpack.flag7"/>
  <system-out/>
  <testcase name="f" time="0.000" classname="testngpack.flag7"/>
  <system-out/>
  <testcase name="f" time="0.000" classname="testngpack.flag7"/>
  <system-out/>
  <testcase name="f" time="0.000" classname="testngpack.flag7"/>
  <system-out/>
  <testcase name="f" time="0.000" classname="testngpack.flag7"/>
  <system-out/>
  <testcase name="f" time="0.000" classname="testngpack.flag7"/>
  <system-out/>
  <testcase name="f" time="0.000" classname="testngpack.flag7"/>
  <system-out/>
  <testcase name="f" time="0.000" classname="testngpack.flag7"/>
  <system-out/>
  <testcase name="f" time="0.000" classname="testngpack.flag7"/>
  <system-out/>
  <testcase name="f" time="0.000" classname="testngpack.flag7"/>
  <system-out/>
  <testcase name="f" time="0.000" classname="testngpack.flag7"/>
  <system-out/>
  <testcase name="f" time="0.001" classname="testngpack.flag7"/>
  <system-out/>
  <testcase name="f" time="0.000" classname="testngpack.flag7"/>
  <system-out/>
  <testcase name="f" time="0.000" classname="testngpack.flag7"/>
  <system-out/>
  <testcase name="f" time="0.000" classname="testngpack.flag7"/>
  <system-out/>
  <testcase name="f" time="0.000" classname="testngpack.flag7"/>
  <system-out/>
  <testcase name="f" time="0.000" classname="testngpack.flag7"/>
  <system-out/>
  <testcase name="f" time="0.000" classname="testngpack.flag7"/>
  <system-out/>
  <testcase name="f" time="0.007" classname="testngpack.flag7"/>
  <system-out/>
  <testcase name="f" time="0.000" classname="testngpack.flag7"/>
  <system-out/>
  <testcase name="f" time="0.000" classname="testngpack.flag7"/>
  <system-out/>
  <testcase name="f" time="0.000" classname="testngpack.flag7"/>
  <system-out/>
  <testcase name="f" time="0.000" classname="testngpack.flag7"/>
  <system-out/>
  <testcase name="f" time="0.000" classname="testngpack.flag7"/>
  <system-out/>
  <testcase name="f" time="0.000" classname="testngpack.flag7"/>
  <system-out/>
  <testcase name="f" time="0.008" classname="testngpack.flag7"/>
  <system-out/>
  <testcase name="f" time="0.000" classname="testngpack.flag7"/>
  <system-out/>
  <testcase name="f" time="0.000" classname="testngpack.flag7"/>
  <system-out/>
  <testcase name="f" time="0.000" classname="testngpack.flag7"/>
  <system-out/>
  <testcase name="f" time="0.000" classname="testngpack.flag7"/>
  <system-out/>
  <testcase name="f" time="0.000" classname="testngpack.flag7"/>
  <system-out/>
  <testcase name="f" time="0.000" classname="testngpack.flag7"/>
  <system-out/>
  <testcase name="f" time="0.000" classname="testngpack.flag7"/>
  <system-out/>
  <testcase name="f" time="0.000" classname="testngpack.flag7"/>
  <system-out/>
  <testcase name="f" time="0.000" classname="testngpack.flag7"/>
  <system-out/>
  <testcase name="f" time="0.000" classname="testngpack.flag7"/>
  <system-out/>
  <testcase name="f" time="0.000" classname="testngpack.flag7"/>
  <system-out/>
  <testcase name="f" time="0.000" classname="testngpack.flag7"/>
  <system-out/>
  <testcase name="f" time="0.000" classname="testngpack.flag7"/>
  <system-out/>
  <testcase name="f" time="0.000" classname="testngpack.flag7"/>
  <system-out/>
  <testcase name="f" time="0.000" classname="testngpack.flag7"/>
  <system-out/>
  <testcase name="f" time="0.001" classname="testngpack.flag7"/>
  <system-out/>
  <testcase name="f" time="0.000" classname="testngpack.flag7"/>
  <system-out/>
  <testcase name="f" time="0.000" classname="testngpack.flag7"/>
  <system-out/>
  <testcase name="f" time="0.001" classname="testngpack.flag7"/>
  <system-out/>
  <testcase name="f" time="0.000" classname="testngpack.flag7"/>
  <system-out/>
  <testcase name="f" time="0.000" classname="testngpack.flag7"/>
  <system-out/>
  <testcase name="f" time="0.000" classname="testngpack.flag7"/>
  <system-out/>
  <testcase name="f" time="0.000" classname="testngpack.flag7"/>
  <system-out/>
  <testcase name="f" time="0.000" classname="testngpack.flag7"/>
  <system-out/>
  <testcase name="f" time="0.000" classname="testngpack.flag7"/>
  <system-out/>
  <testcase name="f" time="0.000" classname="testngpack.flag7"/>
  <system-out/>
  <testcase name="f" time="0.000" classname="testngpack.flag7"/>
  <system-out/>
  <testcase name="f" time="0.000" classname="testngpack.flag7"/>
  <system-out/>
  <testcase name="f" time="0.008" classname="testngpack.flag7"/>
  <system-out/>
  <testcase name="f" time="0.000" classname="testngpack.flag7"/>
  <system-out/>
  <testcase name="f" time="0.000" classname="testngpack.flag7"/>
  <system-out/>
  <testcase name="f" time="0.000" classname="testngpack.flag7"/>
  <system-out/>
  <testcase name="f" time="0.000" classname="testngpack.flag7"/>
  <system-out/>
  <testcase name="f" time="0.000" classname="testngpack.flag7"/>
  <system-out/>
  <testcase name="f" time="0.000" classname="testngpack.flag7"/>
  <system-out/>
  <testcase name="f" time="0.019" classname="testngpack.flag7"/>
  <system-out/>
  <testcase name="f" time="0.013" classname="testngpack.flag7"/>
  <system-out/>
  <testcase name="f" time="0.000" classname="testngpack.flag7"/>
  <system-out/>
  <testcase name="f" time="0.000" classname="testngpack.flag7"/>
  <system-out/>
  <testcase name="f" time="0.000" classname="testngpack.flag7"/>
  <system-out/>
  <testcase name="f" time="0.000" classname="testngpack.flag7"/>
  <system-out/>
  <testcase name="f" time="0.000" classname="testngpack.flag7"/>
  <system-out/>
  <testcase name="f" time="0.000" classname="testngpack.flag7"/>
  <system-out/>
  <testcase name="f" time="0.000" classname="testngpack.flag7"/>
  <system-out/>
  <testcase name="f" time="0.000" classname="testngpack.flag7"/>
  <system-out/>
  <testcase name="f" time="0.000" classname="testngpack.flag7"/>
  <system-out/>
  <testcase name="f" time="0.000" classname="testngpack.flag7"/>
  <system-out/>
  <testcase name="f" time="0.000" classname="testngpack.flag7"/>
  <system-out/>
  <testcase name="f" time="0.000" classname="testngpack.flag7"/>
  <system-out/>
  <testcase name="f" time="0.000" classname="testngpack.flag7"/>
  <system-out/>
  <testcase name="f" time="0.000" classname="testngpack.flag7"/>
  <system-out/>
  <testcase name="f" time="0.000" classname="testngpack.flag7"/>
  <system-out/>
  <testcase name="f" time="0.000" classname="testngpack.flag7"/>
  <system-out/>
  <testcase name="f" time="0.000" classname="testngpack.flag7"/>
  <system-out/>
  <testcase name="f" time="0.000" classname="testngpack.flag7"/>
  <system-out/>
  <testcase name="f" time="0.000" classname="testngpack.flag7"/>
  <system-out/>
  <testcase name="f" time="0.000" classname="testngpack.flag7"/>
  <system-out/>
  <testcase name="f" time="0.000" classname="testngpack.flag7"/>
  <system-out/>
  <testcase name="f" time="0.007" classname="testngpack.flag7"/>
  <system-out/>
  <testcase name="f" time="0.000" classname="testngpack.flag7"/>
  <system-out/>
  <testcase name="f" time="0.000" classname="testngpack.flag7"/>
  <system-out/>
  <testcase name="f" time="0.000" classname="testngpack.flag7"/>
  <system-out/>
  <testcase name="f" time="0.000" classname="testngpack.flag7"/>
  <system-out/>
  <testcase name="f" time="0.000" classname="testngpack.flag7"/>
  <system-out/>
  <testcase name="f" time="0.017" classname="testngpack.flag7"/>
  <system-out/>
  <testcase name="f" time="0.000" classname="testngpack.flag7"/>
  <system-out/>
  <testcase name="f" time="0.000" classname="testngpack.flag7"/>
  <system-out/>
  <testcase name="f" time="0.000" classname="testngpack.flag7"/>
  <system-out/>
  <testcase name="f" time="0.000" classname="testngpack.flag7"/>
  <system-out/>
  <testcase name="f" time="0.016" classname="testngpack.flag7"/>
  <system-out/>
  <testcase name="f" time="0.000" classname="testngpack.flag7"/>
  <system-out/>
  <testcase name="f" time="0.000" classname="testngpack.flag7"/>
  <system-out/>
  <testcase name="f" time="0.000" classname="testngpack.flag7"/>
  <system-out/>
  <testcase name="f" time="0.000" classname="testngpack.flag7"/>
  <system-out/>
  <testcase name="f" time="0.000" classname="testngpack.flag7"/>
  <system-out/>
  <testcase name="f" time="0.000" classname="testngpack.flag7"/>
  <system-out/>
  <testcase name="f" time="0.001" classname="testngpack.flag7"/>
  <system-out/>
  <testcase name="f" time="0.000" classname="testngpack.flag7"/>
  <system-out/>
  <testcase name="f" time="0.000" classname="testngpack.flag7"/>
  <system-out/>
  <testcase name="f" time="0.000" classname="testngpack.flag7"/>
  <system-out/>
  <testcase name="f" time="0.000" classname="testngpack.flag7"/>
  <system-out/>
  <testcase name="f" time="0.001" classname="testngpack.flag7"/>
  <system-out/>
  <testcase name="f" time="0.001" classname="testngpack.flag7"/>
  <system-out/>
  <testcase name="f" time="0.000" classname="testngpack.flag7"/>
  <system-out/>
  <testcase name="f" time="0.001" classname="testngpack.flag7"/>
  <system-out/>
  <testcase name="f" time="0.000" classname="testngpack.flag7"/>
  <system-out/>
  <testcase name="f" time="0.001" classname="testngpack.flag7"/>
  <system-out/>
  <testcase name="f" time="0.000" classname="testngpack.flag7"/>
  <system-out/>
  <testcase name="f" time="0.008" classname="testngpack.flag7"/>
  <system-out/>
  <testcase name="f" time="0.001" classname="testngpack.flag7"/>
  <system-out/>
  <testcase name="f" time="0.000" classname="testngpack.flag7"/>
  <system-out/>
  <testcase name="f" time="0.000" classname="testngpack.flag7"/>
  <system-out/>
  <testcase name="f" time="0.000" classname="testngpack.flag7"/>
  <system-out/>
  <testcase name="f" time="0.000" classname="testngpack.flag7"/>
  <system-out/>
  <testcase name="f" time="0.000" classname="testngpack.flag7"/>
  <system-out/>
  <testcase name="f" time="0.000" classname="testngpack.flag7"/>
  <system-out/>
  <testcase name="f" time="0.000" classname="testngpack.flag7"/>
  <system-out/>
  <testcase name="f" time="0.000" classname="testngpack.flag7"/>
  <system-out/>
  <testcase name="f" time="0.000" classname="testngpack.flag7"/>
  <system-out/>
  <testcase name="f" time="0.000" classname="testngpack.flag7"/>
  <system-out/>
  <testcase name="f" time="0.000" classname="testngpack.flag7"/>
  <system-out/>
  <testcase name="f" time="0.000" classname="testngpack.flag7"/>
  <system-out/>
  <testcase name="f" time="0.001" classname="testngpack.flag7"/>
  <system-out/>
  <testcase name="f" time="0.000" classname="testngpack.flag7"/>
  <system-out/>
  <testcase name="f" time="0.000" classname="testngpack.flag7"/>
  <system-out/>
  <testcase name="f" time="0.000" classname="testngpack.flag7"/>
  <system-out/>
  <testcase name="f" time="0.000" classname="testngpack.flag7"/>
  <system-out/>
  <testcase name="f" time="0.000" classname="testngpack.flag7"/>
  <system-out/>
  <testcase name="f" time="0.000" classname="testngpack.flag7"/>
  <system-out/>
  <testcase name="f" time="0.001" classname="testngpack.flag7"/>
  <system-out/>
  <testcase name="f" time="0.000" classname="testngpack.flag7"/>
  <system-out/>
  <testcase name="f" time="0.000" classname="testngpack.flag7"/>
  <system-out/>
  <testcase name="f" time="0.001" classname="testngpack.flag7"/>
  <system-out/>
  <testcase name="f" time="0.000" classname="testngpack.flag7"/>
  <system-out/>
  <testcase name="f" time="0.000" classname="testngpack.flag7"/>
  <system-out/>
  <testcase name="f" time="0.000" classname="testngpack.flag7"/>
  <system-out/>
  <testcase name="f" time="0.000" classname="testngpack.flag7"/>
  <system-out/>
  <testcase name="f" time="0.000" classname="testngpack.flag7"/>
  <system-out/>
  <testcase name="f" time="0.003" classname="testngpack.flag7"/>
  <system-out/>
  <testcase name="f" time="0.001" classname="testngpack.flag7"/>
  <system-out/>
  <testcase name="f" time="0.000" classname="testngpack.flag7"/>
  <system-out/>
  <testcase name="f" time="0.000" classname="testngpack.flag7"/>
  <system-out/>
  <testcase name="f" time="0.000" classname="testngpack.flag7"/>
  <system-out/>
  <testcase name="f" time="0.000" classname="testngpack.flag7"/>
  <system-out/>
  <testcase name="f" time="0.008" classname="testngpack.flag7"/>
  <system-out/>
  <testcase name="f" time="0.009" classname="testngpack.flag7"/>
  <system-out/>
  <testcase name="f" time="0.000" classname="testngpack.flag7"/>
  <system-out/>
  <testcase name="f" time="0.001" classname="testngpack.flag7"/>
  <system-out/>
  <testcase name="f" time="0.000" classname="testngpack.flag7"/>
  <system-out/>
  <testcase name="f" time="0.001" classname="testngpack.flag7"/>
  <system-out/>
  <testcase name="f" time="0.002" classname="testngpack.flag7"/>
  <system-out/>
  <testcase name="f" time="0.000" classname="testngpack.flag7"/>
  <system-out/>
  <testcase name="f" time="0.000" classname="testngpack.flag7"/>
  <system-out/>
  <testcase name="f" time="0.000" classname="testngpack.flag7"/>
  <system-out/>
  <testcase name="f" time="0.000" classname="testngpack.flag7"/>
  <system-out/>
  <testcase name="f" time="0.001" classname="testngpack.flag7"/>
  <system-out/>
  <testcase name="f" time="0.000" classname="testngpack.flag7"/>
  <system-out/>
  <testcase name="f" time="0.001" classname="testngpack.flag7"/>
  <system-out/>
  <testcase name="f" time="0.020" classname="testngpack.flag7"/>
  <system-out/>
  <testcase name="f" time="0.000" classname="testngpack.flag7"/>
  <system-out/>
  <testcase name="f" time="0.000" classname="testngpack.flag7"/>
  <system-out/>
  <testcase name="f" time="0.000" classname="testngpack.flag7"/>
  <system-out/>
  <testcase name="f" time="0.000" classname="testngpack.flag7"/>
  <system-out/>
  <testcase name="f" time="0.008" classname="testngpack.flag7"/>
  <system-out/>
  <testcase name="f" time="0.000" classname="testngpack.flag7"/>
  <system-out/>
  <testcase name="f" time="0.000" classname="testngpack.flag7"/>
  <system-out/>
  <testcase name="f" time="0.000" classname="testngpack.flag7"/>
  <system-out/>
  <testcase name="f" time="0.000" classname="testngpack.flag7"/>
  <system-out/>
  <testcase name="f" time="0.002" classname="testngpack.flag7"/>
  <system-out/>
  <testcase name="f" time="0.001" classname="testngpack.flag7"/>
  <system-out/>
  <testcase name="f" time="0.002" classname="testngpack.flag7"/>
  <system-out/>
  <testcase name="f" time="0.001" classname="testngpack.flag7"/>
  <system-out/>
  <testcase name="f" time="0.016" classname="testngpack.flag7"/>
  <system-out/>
  <testcase name="f" time="0.001" classname="testngpack.flag7"/>
  <system-out/>
  <testcase name="f" time="0.000" classname="testngpack.flag7"/>
  <system-out/>
  <testcase name="f" time="0.000" classname="testngpack.flag7"/>
  <system-out/>
  <testcase name="f" time="0.000" classname="testngpack.flag7"/>
  <system-out/>
  <testcase name="f" time="0.000" classname="testngpack.flag7"/>
  <system-out/>
  <testcase name="f" time="0.000" classname="testngpack.flag7"/>
  <system-out/>
  <testcase name="f" time="0.000" classname="testngpack.flag7"/>
  <system-out/>
  <testcase name="f" time="0.001" classname="testngpack.flag7"/>
  <system-out/>
  <testcase name="f" time="0.000" classname="testngpack.flag7"/>
  <system-out/>
  <testcase name="f" time="0.000" classname="testngpack.flag7"/>
  <system-out/>
  <testcase name="f" time="0.000" classname="testngpack.flag7"/>
  <system-out/>
  <testcase name="f" time="0.000" classname="testngpack.flag7"/>
  <system-out/>
  <testcase name="f" time="0.000" classname="testngpack.flag7"/>
  <system-out/>
  <testcase name="f" time="0.001" classname="testngpack.flag7"/>
  <system-out/>
  <testcase name="f" time="0.000" classname="testngpack.flag7"/>
  <system-out/>
  <testcase name="f" time="0.000" classname="testngpack.flag7"/>
  <system-out/>
  <testcase name="f" time="0.002" classname="testngpack.flag7"/>
  <system-out/>
  <testcase name="f" time="0.001" classname="testngpack.flag7"/>
  <system-out/>
  <testcase name="f" time="0.000" classname="testngpack.flag7"/>
  <system-out/>
  <testcase name="f" time="0.000" classname="testngpack.flag7"/>
  <system-out/>
  <testcase name="f" time="0.000" classname="testngpack.flag7"/>
  <system-out/>
  <testcase name="f" time="0.001" classname="testngpack.flag7"/>
  <system-out/>
  <testcase name="f" time="0.000" classname="testngpack.flag7"/>
  <system-out/>
  <testcase name="f" time="0.005" classname="testngpack.flag7"/>
  <system-out/>
  <testcase name="f" time="0.000" classname="testngpack.flag7"/>
  <system-out/>
  <testcase name="f" time="0.000" classname="testngpack.flag7"/>
  <system-out/>
  <testcase name="f" time="0.000" classname="testngpack.flag7"/>
  <system-out/>
  <testcase name="f" time="0.000" classname="testngpack.flag7"/>
  <system-out/>
  <testcase name="f" time="0.001" classname="testngpack.flag7"/>
  <system-out/>
  <testcase name="f" time="0.000" classname="testngpack.flag7"/>
  <system-out/>
  <testcase name="f" time="0.000" classname="testngpack.flag7"/>
  <system-out/>
  <testcase name="f" time="0.000" classname="testngpack.flag7"/>
  <system-out/>
  <testcase name="f" time="0.000" classname="testngpack.flag7"/>
  <system-out/>
  <testcase name="f" time="0.000" classname="testngpack.flag7"/>
  <system-out/>
  <testcase name="f" time="0.000" classname="testngpack.flag7"/>
  <system-out/>
  <testcase name="f" time="0.000" classname="testngpack.flag7"/>
  <system-out/>
  <testcase name="f" time="0.000" classname="testngpack.flag7"/>
  <system-out/>
  <testcase name="f" time="0.000" classname="testngpack.flag7"/>
  <system-out/>
  <testcase name="f" time="0.001" classname="testngpack.flag7"/>
  <system-out/>
  <testcase name="f" time="0.000" classname="testngpack.flag7"/>
  <system-out/>
  <testcase name="f" time="0.000" classname="testngpack.flag7"/>
  <system-out/>
  <testcase name="f" time="0.001" classname="testngpack.flag7"/>
  <system-out/>
  <testcase name="f" time="0.000" classname="testngpack.flag7"/>
  <system-out/>
  <testcase name="f" time="0.000" classname="testngpack.flag7"/>
  <system-out/>
  <testcase name="f" time="0.000" classname="testngpack.flag7"/>
  <system-out/>
  <testcase name="f" time="0.000" classname="testngpack.flag7"/>
  <system-out/>
  <testcase name="f" time="0.001" classname="testngpack.flag7"/>
  <system-out/>
  <testcase name="f" time="0.000" classname="testngpack.flag7"/>
  <system-out/>
  <testcase name="f" time="0.000" classname="testngpack.flag7"/>
  <system-out/>
  <testcase name="f" time="0.000" classname="testngpack.flag7"/>
  <system-out/>
  <testcase name="f" time="0.000" classname="testngpack.flag7"/>
  <system-out/>
  <testcase name="f" time="0.002" classname="testngpack.flag7"/>
  <system-out/>
  <testcase name="f" time="0.000" classname="testngpack.flag7"/>
  <system-out/>
  <testcase name="f" time="0.000" classname="testngpack.flag7"/>
  <system-out/>
  <testcase name="f" time="0.000" classname="testngpack.flag7"/>
  <system-out/>
  <testcase name="f" time="0.000" classname="testngpack.flag7"/>
  <system-out/>
  <testcase name="f" time="0.000" classname="testngpack.flag7"/>
  <system-out/>
  <testcase name="f" time="0.000" classname="testngpack.flag7"/>
  <system-out/>
  <testcase name="f" time="0.000" classname="testngpack.flag7"/>
  <system-out/>
  <testcase name="f" time="0.000" classname="testngpack.flag7"/>
  <system-out/>
  <testcase name="f" time="0.001" classname="testngpack.flag7"/>
  <system-out/>
  <testcase name="f" time="0.000" classname="testngpack.flag7"/>
  <system-out/>
  <testcase name="f" time="0.001" classname="testngpack.flag7"/>
  <system-out/>
  <testcase name="f" time="0.001" classname="testngpack.flag7"/>
  <system-out/>
  <testcase name="f" time="0.000" classname="testngpack.flag7"/>
  <system-out/>
  <testcase name="f" time="0.000" classname="testngpack.flag7"/>
  <system-out/>
  <testcase name="f" time="0.000" classname="testngpack.flag7"/>
  <system-out/>
  <testcase name="f" time="0.000" classname="testngpack.flag7"/>
  <system-out/>
  <testcase name="f" time="0.000" classname="testngpack.flag7"/>
  <system-out/>
  <testcase name="f" time="0.000" classname="testngpack.flag7"/>
  <system-out/>
  <testcase name="f" time="0.000" classname="testngpack.flag7"/>
  <system-out/>
  <testcase name="f" time="0.000" classname="testngpack.flag7"/>
  <system-out/>
  <testcase name="f" time="0.000" classname="testngpack.flag7"/>
  <system-out/>
  <testcase name="f" time="0.001" classname="testngpack.flag7"/>
  <system-out/>
  <testcase name="f" time="0.000" classname="testngpack.flag7"/>
  <system-out/>
  <testcase name="f" time="0.000" classname="testngpack.flag7"/>
  <system-out/>
  <testcase name="f" time="0.000" classname="testngpack.flag7"/>
  <system-out/>
  <testcase name="f" time="0.006" classname="testngpack.flag7"/>
  <system-out/>
  <testcase name="f" time="0.000" classname="testngpack.flag7"/>
  <system-out/>
  <testcase name="f" time="0.000" classname="testngpack.flag7"/>
  <system-out/>
  <testcase name="f" time="0.000" classname="testngpack.flag7"/>
  <system-out/>
  <testcase name="f" time="0.000" classname="testngpack.flag7"/>
  <system-out/>
  <testcase name="f" time="0.000" classname="testngpack.flag7"/>
  <system-out/>
  <testcase name="f" time="0.004" classname="testngpack.flag7"/>
  <system-out/>
  <testcase name="f" time="0.000" classname="testngpack.flag7"/>
  <system-out/>
  <testcase name="f" time="0.000" classname="testngpack.flag7"/>
  <system-out/>
  <testcase name="f" time="0.000" classname="testngpack.flag7"/>
  <system-out/>
  <testcase name="f" time="0.000" classname="testngpack.flag7"/>
  <system-out/>
  <testcase name="f" time="0.000" classname="testngpack.flag7"/>
  <system-out/>
  <testcase name="f" time="0.000" classname="testngpack.flag7"/>
  <system-out/>
  <testcase name="f" time="0.000" classname="testngpack.flag7"/>
  <system-out/>
  <testcase name="f" time="0.000" classname="testngpack.flag7"/>
  <system-out/>
  <testcase name="f" time="0.000" classname="testngpack.flag7"/>
  <system-out/>
  <testcase name="f" time="0.001" classname="testngpack.flag7"/>
  <system-out/>
  <testcase name="f" time="0.001" classname="testngpack.flag7"/>
  <system-out/>
  <testcase name="f" time="0.000" classname="testngpack.flag7"/>
  <system-out/>
  <testcase name="f" time="0.000" classname="testngpack.flag7"/>
  <system-out/>
  <testcase name="f" time="0.000" classname="testngpack.flag7"/>
  <system-out/>
  <testcase name="f" time="0.000" classname="testngpack.flag7"/>
  <system-out/>
  <testcase name="f" time="0.000" classname="testngpack.flag7"/>
  <system-out/>
  <testcase name="f" time="0.000" classname="testngpack.flag7"/>
  <system-out/>
  <testcase name="f" time="0.001" classname="testngpack.flag7"/>
  <system-out/>
  <testcase name="f" time="0.000" classname="testngpack.flag7"/>
  <system-out/>
  <testcase name="f" time="0.000" classname="testngpack.flag7"/>
  <system-out/>
  <testcase name="f" time="0.000" classname="testngpack.flag7"/>
  <system-out/>
  <testcase name="f" time="0.000" classname="testngpack.flag7"/>
  <system-out/>
  <testcase name="f" time="0.000" classname="testngpack.flag7"/>
  <system-out/>
  <testcase name="f" time="0.001" classname="testngpack.flag7"/>
  <system-out/>
  <testcase name="f" time="0.000" classname="testngpack.flag7"/>
  <system-out/>
  <testcase name="f" time="0.000" classname="testngpack.flag7"/>
  <system-out/>
  <testcase name="f" time="0.000" classname="testngpack.flag7"/>
  <system-out/>
  <testcase name="f" time="0.000" classname="testngpack.flag7"/>
  <system-out/>
  <testcase name="f" time="0.000" classname="testngpack.flag7"/>
  <system-out/>
  <testcase name="f" time="0.000" classname="testngpack.flag7"/>
  <system-out/>
  <testcase name="f" time="0.000" classname="testngpack.flag7"/>
  <system-out/>
  <testcase name="f" time="0.002" classname="testngpack.flag7"/>
  <system-out/>
  <testcase name="f" time="0.000" classname="testngpack.flag7"/>
  <system-out/>
  <testcase name="f" time="0.000" classname="testngpack.flag7"/>
  <system-out/>
  <testcase name="f" time="0.011" classname="testngpack.flag7"/>
  <system-out/>
  <testcase name="f" time="0.000" classname="testngpack.flag7"/>
  <system-out/>
  <testcase name="f" time="0.000" classname="testngpack.flag7"/>
  <system-out/>
  <testcase name="f" time="0.000" classname="testngpack.flag7"/>
  <system-out/>
  <testcase name="f" time="0.000" classname="testngpack.flag7"/>
  <system-out/>
  <testcase name="f" time="0.001" classname="testngpack.flag7"/>
  <system-out/>
  <testcase name="f" time="0.000" classname="testngpack.flag7"/>
  <system-out/>
  <testcase name="f" time="0.000" classname="testngpack.flag7"/>
  <system-out/>
  <testcase name="f" time="0.000" classname="testngpack.flag7"/>
  <system-out/>
  <testcase name="f" time="0.000" classname="testngpack.flag7"/>
  <system-out/>
  <testcase name="f" time="0.000" classname="testngpack.flag7"/>
  <system-out/>
  <testcase name="f" time="0.000" classname="testngpack.flag7"/>
  <system-out/>
  <testcase name="f" time="0.000" classname="testngpack.flag7"/>
  <system-out/>
  <testcase name="f" time="0.000" classname="testngpack.flag7"/>
  <system-out/>
  <testcase name="f" time="0.000" classname="testngpack.flag7"/>
  <system-out/>
  <testcase name="f" time="0.002" classname="testngpack.flag7"/>
  <system-out/>
  <testcase name="f" time="0.000" classname="testngpack.flag7"/>
  <system-out/>
  <testcase name="f" time="0.000" classname="testngpack.flag7"/>
  <system-out/>
  <testcase name="f" time="0.000" classname="testngpack.flag7"/>
  <system-out/>
  <testcase name="f" time="0.000" classname="testngpack.flag7"/>
  <system-out/>
  <testcase name="f" time="0.000" classname="testngpack.flag7"/>
  <system-out/>
  <testcase name="f" time="0.000" classname="testngpack.flag7"/>
  <system-out/>
  <testcase name="f" time="0.000" classname="testngpack.flag7"/>
  <system-out/>
  <testcase name="f" time="0.000" classname="testngpack.flag7"/>
  <system-out/>
  <testcase name="f" time="0.000" classname="testngpack.flag7"/>
  <system-out/>
  <testcase name="f" time="0.000" classname="testngpack.flag7"/>
  <system-out/>
  <testcase name="f" time="0.000" classname="testngpack.flag7"/>
  <system-out/>
  <testcase name="f" time="0.000" classname="testngpack.flag7"/>
  <system-out/>
  <testcase name="f" time="0.000" classname="testngpack.flag7"/>
  <system-out/>
  <testcase name="f" time="0.000" classname="testngpack.flag7"/>
  <system-out/>
  <testcase name="f" time="0.000" classname="testngpack.flag7"/>
  <system-out/>
  <testcase name="f" time="0.000" classname="testngpack.flag7"/>
  <system-out/>
  <testcase name="f" time="0.000" classname="testngpack.flag7"/>
  <system-out/>
  <testcase name="f" time="0.000" classname="testngpack.flag7"/>
  <system-out/>
  <testcase name="f" time="0.000" classname="testngpack.flag7"/>
  <system-out/>
  <testcase name="f" time="0.000" classname="testngpack.flag7"/>
  <system-out/>
  <testcase name="f" time="0.000" classname="testngpack.flag7"/>
  <system-out/>
  <testcase name="f" time="0.000" classname="testngpack.flag7"/>
  <system-out/>
  <testcase name="f" time="0.000" classname="testngpack.flag7"/>
  <system-out/>
  <testcase name="f" time="0.000" classname="testngpack.flag7"/>
  <system-out/>
  <testcase name="f" time="0.000" classname="testngpack.flag7"/>
  <system-out/>
  <testcase name="f" time="0.000" classname="testngpack.flag7"/>
  <system-out/>
  <testcase name="f" time="0.005" classname="testngpack.flag7"/>
  <system-out/>
  <testcase name="f" time="0.000" classname="testngpack.flag7"/>
  <system-out/>
  <testcase name="f" time="0.000" classname="testngpack.flag7"/>
  <system-out/>
  <testcase name="f" time="0.000" classname="testngpack.flag7"/>
  <system-out/>
  <testcase name="f" time="0.000" classname="testngpack.flag7"/>
  <system-out/>
  <testcase name="f" time="0.000" classname="testngpack.flag7"/>
  <system-out/>
  <testcase name="f" time="0.002" classname="testngpack.flag7"/>
  <system-out/>
  <testcase name="f" time="0.000" classname="testngpack.flag7"/>
  <system-out/>
  <testcase name="f" time="0.000" classname="testngpack.flag7"/>
  <system-out/>
  <testcase name="f" time="0.000" classname="testngpack.flag7"/>
  <system-out/>
  <testcase name="f" time="0.000" classname="testngpack.flag7"/>
  <system-out/>
  <testcase name="f" time="0.001" classname="testngpack.flag7"/>
  <system-out/>
  <testcase name="f" time="0.000" classname="testngpack.flag7"/>
  <system-out/>
  <testcase name="f" time="0.001" classname="testngpack.flag7"/>
  <system-out/>
  <testcase name="f" time="0.000" classname="testngpack.flag7"/>
  <system-out/>
  <testcase name="f" time="0.000" classname="testngpack.flag7"/>
  <system-out/>
  <testcase name="f" time="0.000" classname="testngpack.flag7"/>
  <system-out/>
  <testcase name="f" time="0.001" classname="testngpack.flag7"/>
  <system-out/>
  <testcase name="f" time="0.000" classname="testngpack.flag7"/>
  <system-out/>
  <testcase name="f" time="0.000" classname="testngpack.flag7"/>
  <system-out/>
  <testcase name="f" time="0.002" classname="testngpack.flag7"/>
  <system-out/>
  <testcase name="f" time="0.001" classname="testngpack.flag7"/>
  <system-out/>
  <testcase name="f" time="0.000" classname="testngpack.flag7"/>
  <system-out/>
  <testcase name="f" time="0.001" classname="testngpack.flag7"/>
  <system-out/>
  <testcase name="f" time="0.000" classname="testngpack.flag7"/>
  <system-out/>
  <testcase name="f" time="0.000" classname="testngpack.flag7"/>
  <system-out/>
  <testcase name="f" time="0.000" classname="testngpack.flag7"/>
  <system-out/>
  <testcase name="f" time="0.000" classname="testngpack.flag7"/>
  <system-out/>
  <testcase name="f" time="0.001" classname="testngpack.flag7"/>
  <system-out/>
  <testcase name="f" time="0.001" classname="testngpack.flag7"/>
  <system-out/>
  <testcase name="f" time="0.000" classname="testngpack.flag7"/>
  <system-out/>
  <testcase name="f" time="0.000" classname="testngpack.flag7"/>
  <system-out/>
  <testcase name="f" time="0.000" classname="testngpack.flag7"/>
  <system-out/>
  <testcase name="f" time="0.000" classname="testngpack.flag7"/>
  <system-out/>
  <testcase name="f" time="0.000" classname="testngpack.flag7"/>
  <system-out/>
  <testcase name="f" time="0.000" classname="testngpack.flag7"/>
  <system-out/>
  <testcase name="f" time="0.000" classname="testngpack.flag7"/>
  <system-out/>
  <testcase name="f" time="0.000" classname="testngpack.flag7"/>
  <system-out/>
  <testcase name="f" time="0.000" classname="testngpack.flag7"/>
  <system-out/>
  <testcase name="f" time="0.000" classname="testngpack.flag7"/>
  <system-out/>
  <testcase name="f" time="0.000" classname="testngpack.flag7"/>
  <system-out/>
  <testcase name="f" time="0.000" classname="testngpack.flag7"/>
  <system-out/>
  <testcase name="f" time="0.000" classname="testngpack.flag7"/>
  <system-out/>
  <testcase name="f" time="0.000" classname="testngpack.flag7"/>
  <system-out/>
  <testcase name="f" time="0.006" classname="testngpack.flag7"/>
  <system-out/>
  <testcase name="f" time="0.000" classname="testngpack.flag7"/>
  <system-out/>
  <testcase name="f" time="0.000" classname="testngpack.flag7"/>
  <system-out/>
  <testcase name="f" time="0.000" classname="testngpack.flag7"/>
  <system-out/>
  <testcase name="f" time="0.000" classname="testngpack.flag7"/>
  <system-out/>
  <testcase name="f" time="0.000" classname="testngpack.flag7"/>
  <system-out/>
  <testcase name="f" time="0.000" classname="testngpack.flag7"/>
  <system-out/>
  <testcase name="f" time="0.000" classname="testngpack.flag7"/>
  <system-out/>
  <testcase name="f" time="0.000" classname="testngpack.flag7"/>
  <system-out/>
  <testcase name="f" time="0.000" classname="testngpack.flag7"/>
  <system-out/>
  <testcase name="f" time="0.000" classname="testngpack.flag7"/>
  <system-out/>
  <testcase name="f" time="0.001" classname="testngpack.flag7"/>
  <system-out/>
  <testcase name="f" time="0.000" classname="testngpack.flag7"/>
  <system-out/>
  <testcase name="f" time="0.000" classname="testngpack.flag7"/>
  <system-out/>
  <testcase name="f" time="0.000" classname="testngpack.flag7"/>
  <system-out/>
  <testcase name="f" time="0.000" classname="testngpack.flag7"/>
  <system-out/>
  <testcase name="f" time="0.000" classname="testngpack.flag7"/>
  <system-out/>
  <testcase name="f" time="0.000" classname="testngpack.flag7"/>
  <system-out/>
  <testcase name="f" time="0.000" classname="testngpack.flag7"/>
  <system-out/>
  <testcase name="f" time="0.000" classname="testngpack.flag7"/>
  <system-out/>
  <testcase name="f" time="0.001" classname="testngpack.flag7"/>
  <system-out/>
  <testcase name="f" time="0.000" classname="testngpack.flag7"/>
  <system-out/>
  <testcase name="f" time="0.008" classname="testngpack.flag7"/>
  <system-out/>
  <testcase name="f" time="0.000" classname="testngpack.flag7"/>
  <system-out/>
  <testcase name="f" time="0.000" classname="testngpack.flag7"/>
  <system-out/>
  <testcase name="f" time="0.000" classname="testngpack.flag7"/>
  <system-out/>
  <testcase name="f" time="0.001" classname="testngpack.flag7"/>
  <system-out/>
  <testcase name="f" time="0.001" classname="testngpack.flag7"/>
  <system-out/>
  <testcase name="f" time="0.000" classname="testngpack.flag7"/>
  <system-out/>
  <testcase name="f" time="0.001" classname="testngpack.flag7"/>
  <system-out/>
  <testcase name="f" time="0.000" classname="testngpack.flag7"/>
  <system-out/>
  <testcase name="f" time="0.001" classname="testngpack.flag7"/>
  <system-out/>
  <testcase name="f" time="0.000" classname="testngpack.flag7"/>
  <system-out/>
  <testcase name="f" time="0.000" classname="testngpack.flag7"/>
  <system-out/>
  <testcase name="f" time="0.000" classname="testngpack.flag7"/>
  <system-out/>
  <testcase name="f" time="0.000" classname="testngpack.flag7"/>
  <system-out/>
  <testcase name="f" time="0.001" classname="testngpack.flag7"/>
  <system-out/>
  <testcase name="f" time="0.008" classname="testngpack.flag7"/>
  <system-out/>
  <testcase name="f" time="0.000" classname="testngpack.flag7"/>
  <system-out/>
  <testcase name="f" time="0.000" classname="testngpack.flag7"/>
  <system-out/>
  <testcase name="f" time="0.001" classname="testngpack.flag7"/>
  <system-out/>
  <testcase name="f" time="0.000" classname="testngpack.flag7"/>
  <system-out/>
  <testcase name="f" time="0.000" classname="testngpack.flag7"/>
  <system-out/>
  <testcase name="f" time="0.001" classname="testngpack.flag7"/>
  <system-out/>
  <testcase name="f" time="0.001" classname="testngpack.flag7"/>
  <system-out/>
  <testcase name="f" time="0.000" classname="testngpack.flag7"/>
  <system-out/>
  <testcase name="f" time="0.009" classname="testngpack.flag7"/>
  <system-out/>
  <testcase name="f" time="0.001" classname="testngpack.flag7"/>
  <system-out/>
  <testcase name="f" time="0.001" classname="testngpack.flag7"/>
  <system-out/>
  <testcase name="f" time="0.000" classname="testngpack.flag7"/>
  <system-out/>
  <testcase name="f" time="0.000" classname="testngpack.flag7"/>
  <system-out/>
  <testcase name="f" time="0.000" classname="testngpack.flag7"/>
  <system-out/>
  <testcase name="f" time="0.000" classname="testngpack.flag7"/>
  <system-out/>
  <testcase name="f" time="0.000" classname="testngpack.flag7"/>
  <system-out/>
  <testcase name="f" time="0.000" classname="testngpack.flag7"/>
  <system-out/>
  <testcase name="f" time="0.000" classname="testngpack.flag7"/>
  <system-out/>
  <testcase name="f" time="0.001" classname="testngpack.flag7"/>
  <system-out/>
  <testcase name="f" time="0.009" classname="testngpack.flag7"/>
  <system-out/>
  <testcase name="f" time="0.000" classname="testngpack.flag7"/>
  <system-out/>
  <testcase name="f" time="0.000" classname="testngpack.flag7"/>
  <system-out/>
  <testcase name="f" time="0.000" classname="testngpack.flag7"/>
  <system-out/>
  <testcase name="f" time="0.001" classname="testngpack.flag7"/>
  <system-out/>
  <testcase name="f" time="0.000" classname="testngpack.flag7"/>
  <system-out/>
  <testcase name="f" time="0.000" classname="testngpack.flag7"/>
  <system-out/>
  <testcase name="f" time="0.000" classname="testngpack.flag7"/>
  <system-out/>
  <testcase name="f" time="0.000" classname="testngpack.flag7"/>
  <system-out/>
  <testcase name="f" time="0.000" classname="testngpack.flag7"/>
  <system-out/>
  <testcase name="f" time="0.002" classname="testngpack.flag7"/>
  <system-out/>
  <testcase name="f" time="0.007" classname="testngpack.flag7"/>
  <system-out/>
  <testcase name="f" time="0.000" classname="testngpack.flag7"/>
  <system-out/>
  <testcase name="f" time="0.002" classname="testngpack.flag7"/>
  <system-out/>
  <testcase name="f" time="0.000" classname="testngpack.flag7"/>
  <system-out/>
  <testcase name="f" time="0.000" classname="testngpack.flag7"/>
  <system-out/>
  <testcase name="f" time="0.000" classname="testngpack.flag7"/>
  <system-out/>
  <testcase name="f" time="0.000" classname="testngpack.flag7"/>
  <system-out/>
  <testcase name="f" time="0.000" classname="testngpack.flag7"/>
  <system-out/>
  <testcase name="f" time="0.000" classname="testngpack.flag7"/>
  <system-out/>
  <testcase name="f" time="0.000" classname="testngpack.flag7"/>
  <system-out/>
  <testcase name="f" time="0.000" classname="testngpack.flag7"/>
  <system-out/>
  <testcase name="f" time="0.000" classname="testngpack.flag7"/>
  <system-out/>
  <testcase name="f" time="0.000" classname="testngpack.flag7"/>
  <system-out/>
  <testcase name="f" time="0.000" classname="testngpack.flag7"/>
  <system-out/>
  <testcase name="f" time="0.000" classname="testngpack.flag7"/>
  <system-out/>
  <testcase name="f" time="0.001" classname="testngpack.flag7"/>
  <system-out/>
  <testcase name="f" time="0.000" classname="testngpack.flag7"/>
  <system-out/>
  <testcase name="f" time="0.001" classname="testngpack.flag7"/>
  <system-out/>
  <testcase name="f" time="0.000" classname="testngpack.flag7"/>
  <system-out/>
  <testcase name="f" time="0.000" classname="testngpack.flag7"/>
  <system-out/>
  <testcase name="f" time="0.000" classname="testngpack.flag7"/>
  <system-out/>
  <testcase name="f" time="0.000" classname="testngpack.flag7"/>
  <system-out/>
  <testcase name="f" time="0.000" classname="testngpack.flag7"/>
  <system-out/>
  <testcase name="f" time="0.000" classname="testngpack.flag7"/>
  <system-out/>
  <testcase name="f" time="0.000" classname="testngpack.flag7"/>
  <system-out/>
  <testcase name="f" time="0.000" classname="testngpack.flag7"/>
  <system-out/>
  <testcase name="f" time="0.000" classname="testngpack.flag7"/>
  <system-out/>
  <testcase name="f" time="0.000" classname="testngpack.flag7"/>
  <system-out/>
  <testcase name="f" time="0.001" classname="testngpack.flag7"/>
  <system-out/>
  <testcase name="f" time="0.001" classname="testngpack.flag7"/>
  <system-out/>
  <testcase name="f" time="0.000" classname="testngpack.flag7"/>
  <system-out/>
  <testcase name="f" time="0.001" classname="testngpack.flag7"/>
  <system-out/>
  <testcase name="f" time="0.000" classname="testngpack.flag7"/>
  <system-out/>
  <testcase name="f" time="0.001" classname="testngpack.flag7"/>
  <system-out/>
  <testcase name="f" time="0.000" classname="testngpack.flag7"/>
  <system-out/>
  <testcase name="f" time="0.000" classname="testngpack.flag7"/>
  <system-out/>
  <testcase name="f" time="0.000" classname="testngpack.flag7"/>
  <system-out/>
  <testcase name="f" time="0.000" classname="testngpack.flag7"/>
  <system-out/>
  <testcase name="f" time="0.001" classname="testngpack.flag7"/>
  <system-out/>
  <testcase name="f" time="0.000" classname="testngpack.flag7"/>
  <system-out/>
  <testcase name="f" time="0.000" classname="testngpack.flag7"/>
  <system-out/>
  <testcase name="f" time="0.000" classname="testngpack.flag7"/>
  <system-out/>
  <testcase name="f" time="0.000" classname="testngpack.flag7"/>
  <system-out/>
  <testcase name="f" time="0.000" classname="testngpack.flag7"/>
  <system-out/>
  <testcase name="f" time="0.001" classname="testngpack.flag7"/>
  <system-out/>
  <testcase name="f" time="0.001" classname="testngpack.flag7"/>
  <system-out/>
  <testcase name="f" time="0.000" classname="testngpack.flag7"/>
  <system-out/>
  <testcase name="f" time="0.000" classname="testngpack.flag7"/>
  <system-out/>
  <testcase name="f" time="0.000" classname="testngpack.flag7"/>
  <system-out/>
  <testcase name="f" time="0.000" classname="testngpack.flag7"/>
  <system-out/>
  <testcase name="f" time="0.000" classname="testngpack.flag7"/>
  <system-out/>
  <testcase name="f" time="0.000" classname="testngpack.flag7"/>
  <system-out/>
  <testcase name="f" time="0.000" classname="testngpack.flag7"/>
  <system-out/>
  <testcase name="f" time="0.001" classname="testngpack.flag7"/>
  <system-out/>
  <testcase name="f" time="0.000" classname="testngpack.flag7"/>
  <system-out/>
  <testcase name="f" time="0.000" classname="testngpack.flag7"/>
  <system-out/>
  <testcase name="f" time="0.000" classname="testngpack.flag7"/>
  <system-out/>
  <testcase name="f" time="0.000" classname="testngpack.flag7"/>
  <system-out/>
  <testcase name="f" time="0.000" classname="testngpack.flag7"/>
  <system-out/>
  <testcase name="f" time="0.000" classname="testngpack.flag7"/>
  <system-out/>
  <testcase name="f" time="0.001" classname="testngpack.flag7"/>
  <system-out/>
  <testcase name="f" time="0.000" classname="testngpack.flag7"/>
  <system-out/>
  <testcase name="f" time="0.000" classname="testngpack.flag7"/>
  <system-out/>
  <testcase name="f" time="0.007" classname="testngpack.flag7"/>
  <system-out/>
  <testcase name="f" time="0.000" classname="testngpack.flag7"/>
  <system-out/>
  <testcase name="f" time="0.000" classname="testngpack.flag7"/>
  <system-out/>
  <testcase name="f" time="0.000" classname="testngpack.flag7"/>
  <system-out/>
  <testcase name="f" time="0.000" classname="testngpack.flag7"/>
  <system-out/>
  <testcase name="f" time="0.016" classname="testngpack.flag7"/>
  <system-out/>
  <testcase name="f" time="0.000" classname="testngpack.flag7"/>
  <system-out/>
  <testcase name="f" time="0.000" classname="testngpack.flag7"/>
  <system-out/>
  <testcase name="f" time="0.000" classname="testngpack.flag7"/>
  <system-out/>
  <testcase name="f" time="0.000" classname="testngpack.flag7"/>
  <system-out/>
  <testcase name="f" time="0.000" classname="testngpack.flag7"/>
  <system-out/>
  <testcase name="f" time="0.000" classname="testngpack.flag7"/>
  <system-out/>
  <testcase name="f" time="0.000" classname="testngpack.flag7"/>
  <system-out/>
  <testcase name="f" time="0.000" classname="testngpack.flag7"/>
  <system-out/>
  <testcase name="f" time="0.001" classname="testngpack.flag7"/>
  <system-out/>
  <testcase name="f" time="0.000" classname="testngpack.flag7"/>
  <system-out/>
  <testcase name="f" time="0.000" classname="testngpack.flag7"/>
  <system-out/>
  <testcase name="f" time="0.008" classname="testngpack.flag7"/>
  <system-out/>
  <testcase name="f" time="0.000" classname="testngpack.flag7"/>
  <system-out/>
  <testcase name="f" time="0.000" classname="testngpack.flag7"/>
  <system-out/>
  <testcase name="f" time="0.000" classname="testngpack.flag7"/>
  <system-out/>
  <testcase name="f" time="0.001" classname="testngpack.flag7"/>
  <system-out/>
  <testcase name="f" time="0.000" classname="testngpack.flag7"/>
  <system-out/>
  <testcase name="f" time="0.000" classname="testngpack.flag7"/>
  <system-out/>
  <testcase name="f" time="0.001" classname="testngpack.flag7"/>
  <system-out/>
  <testcase name="f" time="0.000" classname="testngpack.flag7"/>
  <system-out/>
  <testcase name="f" time="0.000" classname="testngpack.flag7"/>
  <system-out/>
  <testcase name="f" time="0.000" classname="testngpack.flag7"/>
  <system-out/>
  <testcase name="f" time="0.000" classname="testngpack.flag7"/>
  <system-out/>
  <testcase name="f" time="0.000" classname="testngpack.flag7"/>
  <system-out/>
  <testcase name="f" time="0.000" classname="testngpack.flag7"/>
  <system-out/>
  <testcase name="f" time="0.000" classname="testngpack.flag7"/>
  <system-out/>
  <testcase name="f" time="0.000" classname="testngpack.flag7"/>
  <system-out/>
  <testcase name="f" time="0.000" classname="testngpack.flag7"/>
  <system-out/>
  <testcase name="f" time="0.000" classname="testngpack.flag7"/>
  <system-out/>
  <testcase name="f" time="0.002" classname="testngpack.flag7"/>
  <system-out/>
  <testcase name="f" time="0.000" classname="testngpack.flag7"/>
  <system-out/>
  <testcase name="f" time="0.000" classname="testngpack.flag7"/>
  <system-out/>
  <testcase name="f" time="0.000" classname="testngpack.flag7"/>
  <system-out/>
  <testcase name="f" time="0.000" classname="testngpack.flag7"/>
  <system-out/>
  <testcase name="f" time="0.000" classname="testngpack.flag7"/>
  <system-out/>
  <testcase name="f" time="0.000" classname="testngpack.flag7"/>
  <system-out/>
  <testcase name="f" time="0.000" classname="testngpack.flag7"/>
  <system-out/>
  <testcase name="f" time="0.000" classname="testngpack.flag7"/>
  <system-out/>
  <testcase name="f" time="0.000" classname="testngpack.flag7"/>
  <system-out/>
  <testcase name="f" time="0.000" classname="testngpack.flag7"/>
  <system-out/>
  <testcase name="f" time="0.001" classname="testngpack.flag7"/>
  <system-out/>
  <testcase name="f" time="0.001" classname="testngpack.flag7"/>
  <system-out/>
  <testcase name="f" time="0.000" classname="testngpack.flag7"/>
  <system-out/>
  <testcase name="f" time="0.000" classname="testngpack.flag7"/>
  <system-out/>
  <testcase name="f" time="0.001" classname="testngpack.flag7"/>
  <system-out/>
  <testcase name="f" time="0.000" classname="testngpack.flag7"/>
  <system-out/>
  <testcase name="f" time="0.000" classname="testngpack.flag7"/>
  <system-out/>
  <testcase name="f" time="0.000" classname="testngpack.flag7"/>
  <system-out/>
  <testcase name="f" time="0.000" classname="testngpack.flag7"/>
  <system-out/>
  <testcase name="f" time="0.000" classname="testngpack.flag7"/>
  <system-out/>
  <testcase name="f" time="0.000" classname="testngpack.flag7"/>
  <system-out/>
  <testcase name="f" time="0.000" classname="testngpack.flag7"/>
  <system-out/>
  <testcase name="f" time="0.000" classname="testngpack.flag7"/>
  <system-out/>
  <testcase name="f" time="0.000" classname="testngpack.flag7"/>
  <system-out/>
  <testcase name="f" time="0.000" classname="testngpack.flag7"/>
  <system-out/>
  <testcase name="f" time="0.009" classname="testngpack.flag7"/>
  <system-out/>
  <testcase name="f" time="0.000" classname="testngpack.flag7"/>
  <system-out/>
  <testcase name="f" time="0.001" classname="testngpack.flag7"/>
  <system-out/>
  <testcase name="f" time="0.000" classname="testngpack.flag7"/>
  <system-out/>
  <testcase name="f" time="0.000" classname="testngpack.flag7"/>
  <system-out/>
  <testcase name="f" time="0.000" classname="testngpack.flag7"/>
  <system-out/>
  <testcase name="f" time="0.000" classname="testngpack.flag7"/>
  <system-out/>
  <testcase name="f" time="0.000" classname="testngpack.flag7"/>
  <system-out/>
  <testcase name="f" time="0.001" classname="testngpack.flag7"/>
  <system-out/>
  <testcase name="f" time="0.000" classname="testngpack.flag7"/>
  <system-out/>
  <testcase name="f" time="0.000" classname="testngpack.flag7"/>
  <system-out/>
  <testcase name="f" time="0.000" classname="testngpack.flag7"/>
  <system-out/>
  <testcase name="f" time="0.000" classname="testngpack.flag7"/>
  <system-out/>
  <testcase name="f" time="0.000" classname="testngpack.flag7"/>
  <system-out/>
  <testcase name="f" time="0.001" classname="testngpack.flag7"/>
  <system-out/>
  <testcase name="f" time="0.000" classname="testngpack.flag7"/>
  <system-out/>
  <testcase name="f" time="0.000" classname="testngpack.flag7"/>
  <system-out/>
  <testcase name="f" time="0.000" classname="testngpack.flag7"/>
  <system-out/>
  <testcase name="f" time="0.000" classname="testngpack.flag7"/>
  <system-out/>
  <testcase name="f" time="0.001" classname="testngpack.flag7"/>
  <system-out/>
  <testcase name="f" time="0.000" classname="testngpack.flag7"/>
  <system-out/>
  <testcase name="f" time="0.000" classname="testngpack.flag7"/>
  <system-out/>
  <testcase name="f" time="0.000" classname="testngpack.flag7"/>
  <system-out/>
  <testcase name="f" time="0.000" classname="testngpack.flag7"/>
  <system-out/>
  <testcase name="f" time="0.000" classname="testngpack.flag7"/>
  <system-out/>
  <testcase name="f" time="0.006" classname="testngpack.flag7"/>
  <system-out/>
  <testcase name="f" time="0.000" classname="testngpack.flag7"/>
  <system-out/>
  <testcase name="f" time="0.002" classname="testngpack.flag7"/>
  <system-out/>
  <testcase name="f" time="0.000" classname="testngpack.flag7"/>
  <system-out/>
  <testcase name="f" time="0.000" classname="testngpack.flag7"/>
  <system-out/>
  <testcase name="f" time="0.001" classname="testngpack.flag7"/>
  <system-out/>
  <testcase name="f" time="0.000" classname="testngpack.flag7"/>
  <system-out/>
  <testcase name="f" time="0.000" classname="testngpack.flag7"/>
  <system-out/>
  <testcase name="f" time="0.000" classname="testngpack.flag7"/>
  <system-out/>
  <testcase name="f" time="0.000" classname="testngpack.flag7"/>
  <system-out/>
  <testcase name="f" time="0.000" classname="testngpack.flag7"/>
  <system-out/>
  <testcase name="f" time="0.000" classname="testngpack.flag7"/>
  <system-out/>
  <testcase name="f" time="0.000" classname="testngpack.flag7"/>
  <system-out/>
  <testcase name="f" time="0.000" classname="testngpack.flag7"/>
  <system-out/>
  <testcase name="f" time="0.000" classname="testngpack.flag7"/>
  <system-out/>
  <testcase name="f" time="0.000" classname="testngpack.flag7"/>
  <system-out/>
  <testcase name="f" time="0.000" classname="testngpack.flag7"/>
  <system-out/>
  <testcase name="f" time="0.000" classname="testngpack.flag7"/>
  <system-out/>
  <testcase name="f" time="0.000" classname="testngpack.flag7"/>
  <system-out/>
  <testcase name="f" time="0.000" classname="testngpack.flag7"/>
  <system-out/>
  <testcase name="f" time="0.001" classname="testngpack.flag7"/>
  <system-out/>
  <testcase name="f" time="0.000" classname="testngpack.flag7"/>
  <system-out/>
  <testcase name="f" time="0.000" classname="testngpack.flag7"/>
  <system-out/>
  <testcase name="f" time="0.001" classname="testngpack.flag7"/>
  <system-out/>
  <testcase name="f" time="0.000" classname="testngpack.flag7"/>
  <system-out/>
  <testcase name="f" time="0.000" classname="testngpack.flag7"/>
  <system-out/>
  <testcase name="f" time="0.001" classname="testngpack.flag7"/>
  <system-out/>
  <testcase name="f" time="0.000" classname="testngpack.flag7"/>
  <system-out/>
  <testcase name="f" time="0.001" classname="testngpack.flag7"/>
  <system-out/>
  <testcase name="f" time="0.000" classname="testngpack.flag7"/>
  <system-out/>
  <testcase name="f" time="0.000" classname="testngpack.flag7"/>
  <system-out/>
  <testcase name="f" time="0.000" classname="testngpack.flag7"/>
  <system-out/>
  <testcase name="f" time="0.000" classname="testngpack.flag7"/>
  <system-out/>
  <testcase name="f" time="0.000" classname="testngpack.flag7"/>
  <system-out/>
  <testcase name="f" time="0.000" classname="testngpack.flag7"/>
  <system-out/>
  <testcase name="f" time="0.000" classname="testngpack.flag7"/>
  <system-out/>
  <testcase name="f" time="0.000" classname="testngpack.flag7"/>
  <system-out/>
  <testcase name="f" time="0.000" classname="testngpack.flag7"/>
  <system-out/>
  <testcase name="f" time="0.000" classname="testngpack.flag7"/>
  <system-out/>
  <testcase name="f" time="0.000" classname="testngpack.flag7"/>
  <system-out/>
  <testcase name="f" time="0.000" classname="testngpack.flag7"/>
  <system-out/>
  <testcase name="f" time="0.000" classname="testngpack.flag7"/>
  <system-out/>
  <testcase name="f" time="0.000" classname="testngpack.flag7"/>
  <system-out/>
  <testcase name="f" time="0.000" classname="testngpack.flag7"/>
  <system-out/>
  <testcase name="f" time="0.000" classname="testngpack.flag7"/>
  <system-out/>
  <testcase name="f" time="0.000" classname="testngpack.flag7"/>
  <system-out/>
  <testcase name="f" time="0.001" classname="testngpack.flag7"/>
  <system-out/>
  <testcase name="f" time="0.000" classname="testngpack.flag7"/>
  <system-out/>
  <testcase name="f" time="0.000" classname="testngpack.flag7"/>
  <system-out/>
  <testcase name="f" time="0.000" classname="testngpack.flag7"/>
  <system-out/>
  <testcase name="f" time="0.000" classname="testngpack.flag7"/>
  <system-out/>
  <testcase name="f" time="0.000" classname="testngpack.flag7"/>
  <system-out/>
  <testcase name="f" time="0.000" classname="testngpack.flag7"/>
  <system-out/>
  <testcase name="f" time="0.003" classname="testngpack.flag7"/>
  <system-out/>
  <testcase name="f" time="0.000" classname="testngpack.flag7"/>
  <system-out/>
  <testcase name="f" time="0.000" classname="testngpack.flag7"/>
  <system-out/>
  <testcase name="f" time="0.000" classname="testngpack.flag7"/>
  <system-out/>
  <testcase name="f" time="0.000" classname="testngpack.flag7"/>
  <system-out/>
  <testcase name="f" time="0.000" classname="testngpack.flag7"/>
  <system-out/>
  <testcase name="f" time="0.000" classname="testngpack.flag7"/>
  <system-out/>
  <testcase name="f" time="0.000" classname="testngpack.flag7"/>
  <system-out/>
  <testcase name="f" time="0.000" classname="testngpack.flag7"/>
  <system-out/>
  <testcase name="f" time="0.000" classname="testngpack.flag7"/>
  <system-out/>
  <testcase name="f" time="0.000" classname="testngpack.flag7"/>
  <system-out/>
  <testcase name="f" time="0.000" classname="testngpack.flag7"/>
  <system-out/>
  <testcase name="f" time="0.000" classname="testngpack.flag7"/>
  <system-out/>
  <testcase name="f" time="0.000" classname="testngpack.flag7"/>
  <system-out/>
  <testcase name="f" time="0.000" classname="testngpack.flag7"/>
  <system-out/>
  <testcase name="f" time="0.008" classname="testngpack.flag7"/>
  <system-out/>
  <testcase name="f" time="0.001" classname="testngpack.flag7"/>
  <system-out/>
  <testcase name="f" time="0.000" classname="testngpack.flag7"/>
  <system-out/>
  <testcase name="f" time="0.000" classname="testngpack.flag7"/>
  <system-out/>
  <testcase name="f" time="0.000" classname="testngpack.flag7"/>
  <system-out/>
  <testcase name="f" time="0.000" classname="testngpack.flag7"/>
  <system-out/>
  <testcase name="f" time="0.000" classname="testngpack.flag7"/>
  <system-out/>
  <testcase name="f" time="0.000" classname="testngpack.flag7"/>
  <system-out/>
  <testcase name="f" time="0.000" classname="testngpack.flag7"/>
  <system-out/>
  <testcase name="f" time="0.001" classname="testngpack.flag7"/>
  <system-out/>
  <testcase name="f" time="0.001" classname="testngpack.flag7"/>
  <system-out/>
  <testcase name="f" time="0.000" classname="testngpack.flag7"/>
  <system-out/>
  <testcase name="f" time="0.001" classname="testngpack.flag7"/>
  <system-out/>
  <testcase name="f" time="0.005" classname="testngpack.flag7"/>
  <system-out/>
  <testcase name="f" time="0.000" classname="testngpack.flag7"/>
  <system-out/>
  <testcase name="f" time="0.000" classname="testngpack.flag7"/>
  <system-out/>
  <testcase name="f" time="0.000" classname="testngpack.flag7"/>
  <system-out/>
  <testcase name="f" time="0.000" classname="testngpack.flag7"/>
  <system-out/>
  <testcase name="f" time="0.000" classname="testngpack.flag7"/>
  <system-out/>
  <testcase name="f" time="0.000" classname="testngpack.flag7"/>
  <system-out/>
  <testcase name="f" time="0.000" classname="testngpack.flag7"/>
  <system-out/>
  <testcase name="f" time="0.000" classname="testngpack.flag7"/>
  <system-out/>
  <testcase name="f" time="0.000" classname="testngpack.flag7"/>
  <system-out/>
  <testcase name="f" time="0.000" classname="testngpack.flag7"/>
  <system-out/>
  <testcase name="f" time="0.001" classname="testngpack.flag7"/>
  <system-out/>
  <testcase name="f" time="0.000" classname="testngpack.flag7"/>
  <system-out/>
  <testcase name="f" time="0.000" classname="testngpack.flag7"/>
  <system-out/>
  <testcase name="f" time="0.000" classname="testngpack.flag7"/>
  <system-out/>
  <testcase name="f" time="0.000" classname="testngpack.flag7"/>
  <system-out/>
  <testcase name="f" time="0.001" classname="testngpack.flag7"/>
  <system-out/>
  <testcase name="f" time="0.000" classname="testngpack.flag7"/>
  <system-out/>
  <testcase name="f" time="0.000" classname="testngpack.flag7"/>
  <system-out/>
  <testcase name="f" time="0.000" classname="testngpack.flag7"/>
  <system-out/>
  <testcase name="f" time="0.001" classname="testngpack.flag7"/>
  <system-out/>
  <testcase name="f" time="0.000" classname="testngpack.flag7"/>
  <system-out/>
  <testcase name="f" time="0.000" classname="testngpack.flag7"/>
  <system-out/>
  <testcase name="f" time="0.000" classname="testngpack.flag7"/>
  <system-out/>
  <testcase name="f" time="0.000" classname="testngpack.flag7"/>
  <system-out/>
  <testcase name="f" time="0.000" classname="testngpack.flag7"/>
  <system-out/>
  <testcase name="f" time="0.000" classname="testngpack.flag7"/>
  <system-out/>
  <testcase name="f" time="0.001" classname="testngpack.flag7"/>
  <system-out/>
  <testcase name="f" time="0.002" classname="testngpack.flag7"/>
  <system-out/>
  <testcase name="f" time="0.000" classname="testngpack.flag7"/>
  <system-out/>
  <testcase name="f" time="0.000" classname="testngpack.flag7"/>
  <system-out/>
  <testcase name="f" time="0.001" classname="testngpack.flag7"/>
  <system-out/>
  <testcase name="f" time="0.000" classname="testngpack.flag7"/>
  <system-out/>
  <testcase name="f" time="0.000" classname="testngpack.flag7"/>
  <system-out/>
  <testcase name="f" time="0.000" classname="testngpack.flag7"/>
  <system-out/>
  <testcase name="f" time="0.000" classname="testngpack.flag7"/>
  <system-out/>
  <testcase name="f" time="0.000" classname="testngpack.flag7"/>
  <system-out/>
  <testcase name="f" time="0.000" classname="testngpack.flag7"/>
  <system-out/>
  <testcase name="f" time="0.000" classname="testngpack.flag7"/>
  <system-out/>
  <testcase name="f" time="0.000" classname="testngpack.flag7"/>
  <system-out/>
  <testcase name="f" time="0.000" classname="testngpack.flag7"/>
  <system-out/>
  <testcase name="f" time="0.000" classname="testngpack.flag7"/>
  <system-out/>
  <testcase name="f" time="0.008" classname="testngpack.flag7"/>
  <system-out/>
  <testcase name="f" time="0.001" classname="testngpack.flag7"/>
  <system-out/>
  <testcase name="f" time="0.001" classname="testngpack.flag7"/>
  <system-out/>
  <testcase name="f" time="0.000" classname="testngpack.flag7"/>
  <system-out/>
  <testcase name="f" time="0.000" classname="testngpack.flag7"/>
  <system-out/>
  <testcase name="f" time="0.000" classname="testngpack.flag7"/>
  <system-out/>
  <testcase name="f" time="0.000" classname="testngpack.flag7"/>
  <system-out/>
  <testcase name="f" time="0.000" classname="testngpack.flag7"/>
  <system-out/>
  <testcase name="f" time="0.000" classname="testngpack.flag7"/>
  <system-out/>
  <testcase name="f" time="0.005" classname="testngpack.flag7"/>
  <system-out/>
  <testcase name="f" time="0.000" classname="testngpack.flag7"/>
  <system-out/>
  <testcase name="f" time="0.000" classname="testngpack.flag7"/>
  <system-out/>
  <testcase name="f" time="0.000" classname="testngpack.flag7"/>
  <system-out/>
  <testcase name="f" time="0.000" classname="testngpack.flag7"/>
  <system-out/>
  <testcase name="f" time="0.000" classname="testngpack.flag7"/>
  <system-out/>
  <testcase name="f" time="0.000" classname="testngpack.flag7"/>
  <system-out/>
  <testcase name="f" time="0.000" classname="testngpack.flag7"/>
  <system-out/>
  <testcase name="f" time="0.000" classname="testngpack.flag7"/>
  <system-out/>
  <testcase name="f" time="0.000" classname="testngpack.flag7"/>
  <system-out/>
  <testcase name="f" time="0.000" classname="testngpack.flag7"/>
  <system-out/>
  <testcase name="f" time="0.000" classname="testngpack.flag7"/>
  <system-out/>
  <testcase name="f" time="0.001" classname="testngpack.flag7"/>
  <system-out/>
  <testcase name="f" time="0.000" classname="testngpack.flag7"/>
  <system-out/>
  <testcase name="f" time="0.000" classname="testngpack.flag7"/>
  <system-out/>
  <testcase name="f" time="0.000" classname="testngpack.flag7"/>
  <system-out/>
  <testcase name="f" time="0.001" classname="testngpack.flag7"/>
  <system-out/>
  <testcase name="f" time="0.000" classname="testngpack.flag7"/>
  <system-out/>
  <testcase name="f" time="0.000" classname="testngpack.flag7"/>
  <system-out/>
  <testcase name="f" time="0.000" classname="testngpack.flag7"/>
  <system-out/>
[...]
  <system-out/>
  <testcase name="f" time="0.001" classname="testngpack.flag7"/>
  <system-out/>
  <testcase name="f" time="0.000" classname="testngpack.flag7"/>
  <system-out/>
  <testcase name="f" time="0.000" classname="testngpack.flag7"/>
  <system-out/>
  <testcase name="f" time="0.000" classname="testngpack.flag7"/>
  <system-out/>
  <testcase name="f" time="0.000" classname="testngpack.flag7"/>
  <system-out/>
  <testcase name="f" time="0.000" classname="testngpack.flag7"/>
  <system-out/>
  <testcase name="f" time="0.000" classname="testngpack.flag7"/>
  <system-out/>
  <testcase name="f" time="0.000" classname="testngpack.flag7"/>
  <system-out/>
  <testcase name="f" time="0.001" classname="testngpack.flag7"/>
  <system-out/>
  <testcase name="f" time="0.000" classname="testngpack.flag7"/>
  <system-out/>
  <testcase name="f" time="0.000" classname="testngpack.flag7"/>
  <system-out/>
  <testcase name="f" time="0.000" classname="testngpack.flag7"/>
  <system-out/>
  <testcase name="f" time="0.000" classname="testngpack.flag7"/>
  <system-out/>
  <testcase name="f" time="0.000" classname="testngpack.flag7"/>
  <system-out/>
  <testcase name="f" time="0.000" classname="testngpack.flag7"/>
  <system-out/>
  <testcase name="f" time="0.000" classname="testngpack.flag7"/>
  <system-out/>
  <testcase name="f" time="0.000" classname="testngpack.flag7"/>
  <system-out/>
  <testcase name="f" time="0.000" classname="testngpack.flag7"/>
  <system-out/>
  <testcase name="f" time="0.000" classname="testngpack.flag7"/>
  <system-out/>
  <testcase name="f" time="0.000" classname="testngpack.flag7"/>
  <system-out/>
  <testcase name="f" time="0.000" classname="testngpack.flag7"/>
  <system-out/>
  <testcase name="f" time="0.000" classname="testngpack.flag7"/>
  <system-out/>
  <testcase name="f" time="0.000" classname="testngpack.flag7"/>
  <system-out/>
  <testcase name="f" time="0.007" classname="testngpack.flag7"/>
  <system-out/>
  <testcase name="f" time="0.000" classname="testngpack.flag7"/>
  <system-out/>
  <testcase name="f" time="0.000" classname="testngpack.flag7"/>
  <system-out/>
  <testcase name="f" time="0.000" classname="testngpack.flag7"/>
  <system-out/>
  <testcase name="f" time="0.000" classname="testngpack.flag7"/>
  <system-out/>
  <testcase name="f" time="0.000" classname="testngpack.flag7"/>
  <system-out/>
  <testcase name="f" time="0.000" classname="testngpack.flag7"/>
  <system-out/>
  <testcase name="f" time="0.001" classname="testngpack.flag7"/>
  <system-out/>
  <testcase name="f" time="0.000" classname="testngpack.flag7"/>
  <system-out/>
  <testcase name="f" time="0.000" classname="testngpack.flag7"/>
  <system-out/>
  <testcase name="f" time="0.008" classname="testngpack.flag7"/>
  <system-out/>
  <testcase name="f" time="0.000" classname="testngpack.flag7"/>
  <system-out/>
  <testcase name="f" time="0.000" classname="testngpack.flag7"/>
  <system-out/>
  <testcase name="f" time="0.000" classname="testngpack.flag7"/>
  <system-out/>
  <testcase name="f" time="0.000" classname="testngpack.flag7"/>
  <system-out/>
  <testcase name="f" time="0.000" classname="testngpack.flag7"/>
  <system-out/>
  <testcase name="f" time="0.000" classname="testngpack.flag7"/>
  <system-out/>
  <testcase name="f" time="0.000" classname="testngpack.flag7"/>
  <system-out/>
  <testcase name="f" time="0.001" classname="testngpack.flag7"/>
  <system-out/>
  <testcase name="f" time="0.000" classname="testngpack.flag7"/>
  <system-out/>
  <testcase name="f" time="0.000" classname="testngpack.flag7"/>
  <system-out/>
  <testcase name="f" time="0.000" classname="testngpack.flag7"/>
  <system-out/>
  <testcase name="f" time="0.000" classname="testngpack.flag7"/>
  <system-out/>
  <testcase name="f" time="0.001" classname="testngpack.flag7"/>
  <system-out/>
  <testcase name="f" time="0.000" classname="testngpack.flag7"/>
  <system-out/>
  <testcase name="f" time="0.000" classname="testngpack.flag7"/>
  <system-out/>
  <testcase name="f" time="0.000" classname="testngpack.flag7"/>
  <system-out/>
  <testcase name="f" time="0.000" classname="testngpack.flag7"/>
  <system-out/>
  <testcase name="f" time="0.000" classname="testngpack.flag7"/>
  <system-out/>
  <testcase name="f" time="0.001" classname="testngpack.flag7"/>
  <system-out/>
  <testcase name="f" time="0.000" classname="testngpack.flag7"/>
  <system-out/>
  <testcase name="f" time="0.000" classname="testngpack.flag7"/>
  <system-out/>
  <testcase name="f" time="0.000" classname="testngpack.flag7"/>
  <system-out/>
  <testcase name="f" time="0.000" classname="testngpack.flag7"/>
  <system-out/>
  <testcase name="f" time="0.000" classname="testngpack.flag7"/>
  <system-out/>
  <testcase name="f" time="0.000" classname="testngpack.flag7"/>
  <system-out/>
  <testcase name="f" time="0.000" classname="testngpack.flag7"/>
  <system-out/>
  <testcase name="f" time="0.000" classname="testngpack.flag7"/>
  <system-out/>
  <testcase name="f" time="0.000" classname="testngpack.flag7"/>
  <system-out/>
  <testcase name="f" time="0.000" classname="testngpack.flag7"/>
  <system-out/>
  <testcase name="f" time="0.000" classname="testngpack.flag7"/>
  <system-out/>
  <testcase name="f" time="0.000" classname="testngpack.flag7"/>
  <system-out/>
  <testcase name="f" time="0.000" classname="testngpack.flag7"/>
  <system-out/>
  <testcase name="f" time="0.000" classname="testngpack.flag7"/>
  <system-out/>
  <testcase name="f" time="0.000" classname="testngpack.flag7"/>
  <system-out/>
  <testcase name="f" time="0.000" classname="testngpack.flag7"/>
  <system-out/>
  <testcase name="f" time="0.000" classname="testngpack.flag7"/>
  <system-out/>
  <testcase name="f" time="0.000" classname="testngpack.flag7"/>
  <system-out/>
  <testcase name="f" time="0.001" classname="testngpack.flag7"/>
  <system-out/>
  <testcase name="f" time="0.000" classname="testngpack.flag7"/>
  <system-out/>
  <testcase name="f" time="0.000" classname="testngpack.flag7"/>
  <system-out/>
  <testcase name="f" time="0.000" classname="testngpack.flag7"/>
  <system-out/>
  <testcase name="f" time="0.001" classname="testngpack.flag7"/>
  <system-out/>
  <testcase name="f" time="0.000" classname="testngpack.flag7"/>
  <system-out/>
  <testcase name="f" time="0.000" classname="testngpack.flag7"/>
  <system-out/>
  <testcase name="f" time="0.000" classname="testngpack.flag7"/>
  <system-out/>
  <testcase name="f" time="0.000" classname="testngpack.flag7"/>
  <system-out/>
  <testcase name="f" time="0.000" classname="testngpack.flag7"/>
  <system-out/>
  <testcase name="f" time="0.008" classname="testngpack.flag7"/>
  <system-out/>
  <testcase name="f" time="0.000" classname="testngpack.flag7"/>
  <system-out/>
  <testcase name="f" time="0.001" classname="testngpack.flag7"/>
  <system-out/>
  <testcase name="f" time="0.000" classname="testngpack.flag7"/>
  <system-out/>
  <testcase name="f" time="0.000" classname="testngpack.flag7"/>
  <system-out/>
  <testcase name="f" time="0.000" classname="testngpack.flag7"/>
  <system-out/>
  <testcase name="f" time="0.000" classname="testngpack.flag7"/>
  <system-out/>
  <testcase name="f" time="0.000" classname="testngpack.flag7"/>
  <system-out/>
  <testcase name="f" time="0.000" classname="testngpack.flag7"/>
  <system-out/>
  <testcase name="f" time="0.000" classname="testngpack.flag7"/>
  <system-out/>
  <testcase name="f" time="0.000" classname="testngpack.flag7"/>
  <system-out/>
  <testcase name="f" time="0.000" classname="testngpack.flag7"/>
  <system-out/>
  <testcase name="f" time="0.019" classname="testngpack.flag7"/>
  <system-out/>
  <testcase name="f" time="0.000" classname="testngpack.flag7"/>
  <system-out/>
  <testcase name="f" time="0.000" classname="testngpack.flag7"/>
  <system-out/>
  <testcase name="f" time="0.000" classname="testngpack.flag7"/>
  <system-out/>
  <testcase name="f" time="0.000" classname="testngpack.flag7"/>
  <system-out/>
  <testcase name="f" time="0.000" classname="testngpack.flag7"/>
  <system-out/>
  <testcase name="f" time="0.000" classname="testngpack.flag7"/>
  <system-out/>
  <testcase name="f" time="0.000" classname="testngpack.flag7"/>
  <system-out/>
  <testcase name="f" time="0.000" classname="testngpack.flag7"/>
  <system-out/>
  <testcase name="f" time="0.000" classname="testngpack.flag7"/>
  <system-out/>
  <testcase name="f" time="0.000" classname="testngpack.flag7"/>
  <system-out/>
  <testcase name="f" time="0.001" classname="testngpack.flag7"/>
  <system-out/>
  <testcase name="f" time="0.000" classname="testngpack.flag7"/>
  <system-out/>
  <testcase name="f" time="0.000" classname="testngpack.flag7"/>
  <system-out/>
  <testcase name="f" time="0.002" classname="testngpack.flag7"/>
  <system-out/>
  <testcase name="f" time="0.000" classname="testngpack.flag7"/>
  <system-out/>
  <testcase name="f" time="0.000" classname="testngpack.flag7"/>
  <system-out/>
  <testcase name="f" time="0.001" classname="testngpack.flag7"/>
  <system-out/>
  <testcase name="f" time="0.000" classname="testngpack.flag7"/>
  <system-out/>
  <testcase name="f" time="0.000" classname="testngpack.flag7"/>
  <system-out/>
  <testcase name="f" time="0.000" classname="testngpack.flag7"/>
  <system-out/>
  <testcase name="f" time="0.000" classname="testngpack.flag7"/>
  <system-out/>
  <testcase name="f" time="0.000" classname="testngpack.flag7"/>
  <system-out/>
  <testcase name="f" time="0.000" classname="testngpack.flag7"/>
  <system-out/>
  <testcase name="f" time="0.000" classname="testngpack.flag7"/>
  <system-out/>
  <testcase name="f" time="0.000" classname="testngpack.flag7"/>
  <system-out/>
  <testcase name="f" time="0.000" classname="testngpack.flag7"/>
  <system-out/>
  <testcase name="f" time="0.000" classname="testngpack.flag7"/>
  <system-out/>
  <testcase name="f" time="0.000" classname="testngpack.flag7"/>
  <system-out/>
  <testcase name="f" time="0.000" classname="testngpack.flag7"/>
  <system-out/>
  <testcase name="f" time="0.000" classname="testngpack.flag7"/>
  <system-out/>
  <testcase name="f" time="0.000" classname="testngpack.flag7"/>
  <system-out/>
  <testcase name="f" time="0.000" classname="testngpack.flag7"/>
  <system-out/>
  <testcase name="f" time="0.000" classname="testngpack.flag7"/>
  <system-out/>
  <testcase name="f" time="0.006" classname="testngpack.flag7"/>
  <system-out/>
  <testcase name="f" time="0.000" classname="testngpack.flag7"/>
  <system-out/>
  <testcase name="f" time="0.000" classname="testngpack.flag7"/>
  <system-out/>
  <testcase name="f" time="0.001" classname="testngpack.flag7"/>
  <system-out/>
  <testcase name="f" time="0.000" classname="testngpack.flag7"/>
  <system-out/>
  <testcase name="f" time="0.001" classname="testngpack.flag7"/>
  <system-out/>
  <testcase name="f" time="0.000" classname="testngpack.flag7"/>
  <system-out/>
  <testcase name="f" time="0.000" classname="testngpack.flag7"/>
  <system-out/>
  <testcase name="f" time="0.000" classname="testngpack.flag7"/>
  <system-out/>
  <testcase name="f" time="0.000" classname="testngpack.flag7"/>
  <system-out/>
  <testcase name="f" time="0.001" classname="testngpack.flag7"/>
  <system-out/>
  <testcase name="f" time="0.001" classname="testngpack.flag7"/>
  <system-out/>
  <testcase name="f" time="0.000" classname="testngpack.flag7"/>
  <system-out/>
  <testcase name="f" time="0.000" classname="testngpack.flag7"/>
  <system-out/>
  <testcase name="f" time="0.000" classname="testngpack.flag7"/>
  <system-out/>
  <testcase name="f" time="0.000" classname="testngpack.flag7"/>
  <system-out/>
  <testcase name="f" time="0.000" classname="testngpack.flag7"/>
  <system-out/>
  <testcase name="f" time="0.000" classname="testngpack.flag7"/>
  <system-out/>
  <testcase name="f" time="0.000" classname="testngpack.flag7"/>
  <system-out/>
  <testcase name="f" time="0.000" classname="testngpack.flag7"/>
  <system-out/>
  <testcase name="f" time="0.000" classname="testngpack.flag7"/>
  <system-out/>
  <testcase name="f" time="0.001" classname="testngpack.flag7"/>
  <system-out/>
  <testcase name="f" time="0.000" classname="testngpack.flag7"/>
  <system-out/>
  <testcase name="f" time="0.000" classname="testngpack.flag7"/>
  <system-out/>
  <testcase name="f" time="0.000" classname="testngpack.flag7"/>
  <system-out/>
  <testcase name="f" time="0.000" classname="testngpack.flag7"/>
  <system-out/>
  <testcase name="f" time="0.000" classname="testngpack.flag7"/>
  <system-out/>
  <testcase name="f" time="0.000" classname="testngpack.flag7"/>
  <system-out/>
  <testcase name="f" time="0.000" classname="testngpack.flag7"/>
  <system-out/>
  <testcase name="f" time="0.000" classname="testngpack.flag7"/>
  <system-out/>
  <testcase name="f" time="0.000" classname="testngpack.flag7"/>
  <system-out/>
  <testcase name="f" time="0.000" classname="testngpack.flag7"/>
  <system-out/>
  <testcase name="f" time="0.000" classname="testngpack.flag7"/>
  <system-out/>
  <testcase name="f" time="0.000" classname="testngpack.flag7"/>
  <system-out/>
  <testcase name="f" time="0.000" classname="testngpack.flag7"/>
  <system-out/>
  <testcase name="f" time="0.000" classname="testngpack.flag7"/>
  <system-out/>
  <testcase name="f" time="0.000" classname="testngpack.flag7"/>
  <system-out/>
  <testcase name="f" time="0.000" classname="testngpack.flag7"/>
  <system-out/>
  <testcase name="f" time="0.000" classname="testngpack.flag7"/>
  <system-out/>
  <testcase name="f" time="0.000" classname="testngpack.flag7"/>
  <system-out/>
  <testcase name="f" time="0.000" classname="testngpack.flag7"/>
  <system-out/>
  <testcase name="f" time="0.000" classname="testngpack.flag7"/>
  <system-out/>
  <testcase name="f" time="0.001" classname="testngpack.flag7"/>
  <system-out/>
  <testcase name="f" time="0.000" classname="testngpack.flag7"/>
  <system-out/>
  <testcase name="f" time="0.000" classname="testngpack.flag7"/>
  <system-out/>
  <testcase name="f" time="0.000" classname="testngpack.flag7"/>
  <system-out/>
  <testcase name="f" time="0.000" classname="testngpack.flag7"/>
  <system-out/>
  <testcase name="f" time="0.000" classname="testngpack.flag7"/>
  <system-out/>
  <testcase name="f" time="0.000" classname="testngpack.flag7"/>
  <system-out/>
  <testcase name="f" time="0.000" classname="testngpack.flag7"/>
  <system-out/>
  <testcase name="f" time="0.000" classname="testngpack.flag7"/>
  <system-out/>
  <testcase name="f" time="0.000" classname="testngpack.flag7"/>
  <system-out/>
  <testcase name="f" time="0.000" classname="testngpack.flag7"/>
  <system-out/>
  <testcase name="f" time="0.000" classname="testngpack.flag7"/>
  <system-out/>
  <testcase name="f" time="0.000" classname="testngpack.flag7"/>
  <system-out/>
  <testcase name="f" time="0.000" classname="testngpack.flag7"/>
  <system-out/>
  <testcase name="f" time="0.000" classname="testngpack.flag7"/>
  <system-out/>
  <testcase name="f" time="0.000" classname="testngpack.flag7"/>
  <system-out/>
  <testcase name="f" time="0.000" classname="testngpack.flag7"/>
  <system-out/>
  <testcase name="f" time="0.001" classname="testngpack.flag7"/>
  <system-out/>
  <testcase name="f" time="0.000" classname="testngpack.flag7"/>
  <system-out/>
  <testcase name="f" time="0.000" classname="testngpack.flag7"/>
  <system-out/>
  <testcase name="f" time="0.000" classname="testngpack.flag7"/>
  <system-out/>
  <testcase name="f" time="0.001" classname="testngpack.flag7"/>
  <system-out/>
  <testcase name="f" time="0.000" classname="testngpack.flag7"/>
  <system-out/>
  <testcase name="f" time="0.000" classname="testngpack.flag7"/>
  <system-out/>
  <testcase name="f" time="0.000" classname="testngpack.flag7"/>
  <system-out/>
  <testcase name="f" time="0.000" classname="testngpack.flag7"/>
  <system-out/>
  <testcase name="f" time="0.000" classname="testngpack.flag7"/>
  <system-out/>
  <testcase name="f" time="0.000" classname="testngpack.flag7"/>
  <system-out/>
  <testcase name="f" time="0.000" classname="testngpack.flag7"/>
  <system-out/>
  <testcase name="f" time="0.001" classname="testngpack.flag7"/>
  <system-out/>
  <testcase name="f" time="0.000" classname="testngpack.flag7"/>
  <system-out/>
  <testcase name="f" time="0.000" classname="testngpack.flag7"/>
  <system-out/>
  <testcase name="f" time="0.000" classname="testngpack.flag7"/>
  <system-out/>
  <testcase name="f" time="0.005" classname="testngpack.flag7"/>
  <system-out/>
  <testcase name="f" time="0.000" classname="testngpack.flag7"/>
  <system-out/>
  <testcase name="f" time="0.000" classname="testngpack.flag7"/>
  <system-out/>
  <testcase name="f" time="0.000" classname="testngpack.flag7"/>
  <system-out/>
  <testcase name="f" time="0.001" classname="testngpack.flag7"/>
  <system-out/>
  <testcase name="f" time="0.000" classname="testngpack.flag7"/>
  <system-out/>
  <testcase name="f" time="0.000" classname="testngpack.flag7"/>
  <system-out/>
  <testcase name="f" time="0.000" classname="testngpack.flag7"/>
  <system-out/>
  <testcase name="f" time="0.000" classname="testngpack.flag7"/>
  <system-out/>
  <testcase name="f" time="0.006" classname="testngpack.flag7"/>
  <system-out/>
  <testcase name="f" time="0.001" classname="testngpack.flag7"/>
  <system-out/>
  <testcase name="f" time="0.001" classname="testngpack.flag7"/>
  <system-out/>
  <testcase name="f" time="0.008" classname="testngpack.flag7"/>
  <system-out/>
  <testcase name="f" time="0.000" classname="testngpack.flag7"/>
  <system-out/>
  <testcase name="f" time="0.005" classname="testngpack.flag7"/>
  <system-out/>
  <testcase name="f" time="0.000" classname="testngpack.flag7"/>
  <system-out/>
  <testcase name="f" time="0.000" classname="testngpack.flag7"/>
  <system-out/>
  <testcase name="f" time="0.000" classname="testngpack.flag7"/>
  <system-out/>
  <testcase name="f" time="0.000" classname="testngpack.flag7"/>
  <system-out/>
  <testcase name="f" time="0.000" classname="testngpack.flag7"/>
  <system-out/>
  <testcase name="f" time="0.000" classname="testngpack.flag7"/>
  <system-out/>
  <testcase name="f" time="0.001" classname="testngpack.flag7"/>
  <system-out/>
  <testcase name="f" time="0.001" classname="testngpack.flag7"/>
  <system-out/>
  <testcase name="f" time="0.000" classname="testngpack.flag7"/>
  <system-out/>
  <testcase name="f" time="0.000" classname="testngpack.flag7"/>
  <system-out/>
  <testcase name="f" time="0.000" classname="testngpack.flag7"/>
  <system-out/>
  <testcase name="f" time="0.000" classname="testngpack.flag7"/>
  <system-out/>
  <testcase name="f" time="0.000" classname="testngpack.flag7"/>
  <system-out/>
  <testcase name="f" time="0.000" classname="testngpack.flag7"/>
  <system-out/>
  <testcase name="f" time="0.000" classname="testngpack.flag7"/>
  <system-out/>
  <testcase name="f" time="0.000" classname="testngpack.flag7"/>
  <system-out/>
  <testcase name="f" time="0.000" classname="testngpack.flag7"/>
  <system-out/>
  <testcase name="f" time="0.000" classname="testngpack.flag7"/>
  <system-out/>
  <testcase name="f" time="0.000" classname="testngpack.flag7"/>
  <system-out/>
  <testcase name="f" time="0.000" classname="testngpack.flag7"/>
  <system-out/>
  <testcase name="f" time="0.000" classname="testngpack.flag7"/>
  <system-out/>
  <testcase name="f" time="0.000" classname="testngpack.flag7"/>
  <system-out/>
  <testcase name="f" time="0.000" classname="testngpack.flag7"/>
  <system-out/>
  <testcase name="f" time="0.000" classname="testngpack.flag7"/>
  <system-out/>
  <testcase name="f" time="0.000" classname="testngpack.flag7"/>
  <system-out/>
  <testcase name="f" time="0.000" classname="testngpack.flag7"/>
  <system-out/>
  <testcase name="f" time="0.001" classname="testngpack.flag7"/>
  <system-out/>
  <testcase name="f" time="0.001" classname="testngpack.flag7"/>
  <system-out/>
  <testcase name="f" time="0.000" classname="testngpack.flag7"/>
  <system-out/>
</testsuite> <!-- testngpack.flag7 -->
